Namespace(batch_size=2, dataset='nagoya_dataset', dropout=0.5, emb_dims=1024, epochs=250, eval=False, exp_name='exp', k=20, lr=0.001, model='dgcnn', model_path='', momentum=0.9, no_cuda=False, num_points=1024, seed=1, test_batch_size=2, use_sgd=True)
Using GPU : 0 from 1 devices
Namespace(batch_size=2, dataset='nagoya_dataset', dropout=0.5, emb_dims=1024, epochs=250, eval=False, exp_name='exp', k=20, lr=0.001, model='dgcnn', model_path='', momentum=0.9, no_cuda=False, num_points=1024, seed=1, test_batch_size=2, use_sgd=True)
Using GPU : 0 from 1 devices
Namespace(batch_size=2, dataset='nagoya_dataset', dropout=0.5, emb_dims=1024, epochs=250, eval=False, exp_name='exp', k=20, lr=0.001, model='dgcnn', model_path='', momentum=0.9, no_cuda=False, num_points=1024, seed=1, test_batch_size=2, use_sgd=True)
Using GPU : 0 from 1 devices
Namespace(batch_size=2, dataset='nagoya_dataset', dropout=0.5, emb_dims=1024, epochs=250, eval=False, exp_name='exp', k=20, lr=0.001, model='dgcnn', model_path='', momentum=0.9, no_cuda=False, num_points=1024, seed=1, test_batch_size=2, use_sgd=True)
Using GPU : 0 from 1 devices
Namespace(batch_size=32, dataset='nagoya_dataset', dropout=0.5, emb_dims=1024, epochs=250, eval=False, exp_name='exp', k=20, lr=0.001, model='dgcnn', model_path='', momentum=0.9, no_cuda=False, num_points=1024, seed=1, test_batch_size=32, use_sgd=True)
Using GPU : 0 from 1 devices
Namespace(exp_name='exp', model='dgcnn', dataset='nagoya_dataset', batch_size=64, test_batch_size=64, epochs=250, use_sgd=True, lr=0.001, momentum=0.9, no_cuda=False, seed=1, eval=False, num_points=2048, dropout=0.5, emb_dims=1024, k=20, model_path='')
Using GPU : 0 from 2 devices
Train 0, loss: 3.279461, train acc: 0.160590, train avg acc: 0.155693
Valdation 0, loss: 5.677938, validation acc: 0.082192, validation avg acc: 0.071429
Train 1, loss: 3.034212, train acc: 0.234375, train avg acc: 0.229212
Valdation 1, loss: 6.090577, validation acc: 0.054795, validation avg acc: 0.071429
Train 2, loss: 2.879775, train acc: 0.296007, train avg acc: 0.288157
Valdation 2, loss: 5.927611, validation acc: 0.082192, validation avg acc: 0.071429
Train 3, loss: 2.664207, train acc: 0.368056, train avg acc: 0.361854
Valdation 3, loss: 4.395169, validation acc: 0.106164, validation avg acc: 0.102949
Train 4, loss: 2.483545, train acc: 0.439236, train avg acc: 0.430616
Valdation 4, loss: 3.016145, validation acc: 0.195205, validation avg acc: 0.207708
Train 5, loss: 2.293028, train acc: 0.520833, train avg acc: 0.515324
Valdation 5, loss: 2.465733, validation acc: 0.383562, validation avg acc: 0.360368
Train 6, loss: 2.257581, train acc: 0.522569, train avg acc: 0.513107
Valdation 6, loss: 2.224358, validation acc: 0.537671, validation avg acc: 0.528765
Train 7, loss: 2.188765, train acc: 0.567708, train avg acc: 0.560371
Valdation 7, loss: 2.261432, validation acc: 0.571918, validation avg acc: 0.562033
Train 8, loss: 2.108426, train acc: 0.631944, train avg acc: 0.629508
Valdation 8, loss: 2.102837, validation acc: 0.585616, validation avg acc: 0.570933
Train 9, loss: 2.054815, train acc: 0.644097, train avg acc: 0.637900
Valdation 9, loss: 2.190055, validation acc: 0.626712, validation avg acc: 0.626321
Train 10, loss: 1.992170, train acc: 0.697049, train avg acc: 0.690901
Valdation 10, loss: 2.018133, validation acc: 0.695205, validation avg acc: 0.678501
Train 11, loss: 1.953150, train acc: 0.706597, train avg acc: 0.699913
Valdation 11, loss: 2.046332, validation acc: 0.691781, validation avg acc: 0.685556
Train 12, loss: 1.948628, train acc: 0.708333, train avg acc: 0.703051
Valdation 12, loss: 2.097673, validation acc: 0.678082, validation avg acc: 0.668825
Train 13, loss: 1.860908, train acc: 0.751736, train avg acc: 0.745797
Valdation 13, loss: 2.170047, validation acc: 0.558219, validation avg acc: 0.566563
Train 14, loss: 1.819635, train acc: 0.793403, train avg acc: 0.788656
Valdation 14, loss: 1.917733, validation acc: 0.729452, validation avg acc: 0.720572
Train 15, loss: 1.794995, train acc: 0.793403, train avg acc: 0.789886
Valdation 15, loss: 2.089709, validation acc: 0.657534, validation avg acc: 0.655475
Train 16, loss: 1.767260, train acc: 0.805556, train avg acc: 0.803076
Valdation 16, loss: 1.989887, validation acc: 0.708904, validation avg acc: 0.703837
Train 17, loss: 1.741666, train acc: 0.824653, train avg acc: 0.818882
Valdation 17, loss: 2.059653, validation acc: 0.647260, validation avg acc: 0.646009
Train 18, loss: 1.735716, train acc: 0.821181, train avg acc: 0.817556
Valdation 18, loss: 2.175453, validation acc: 0.626712, validation avg acc: 0.630162
Train 19, loss: 1.707967, train acc: 0.835069, train avg acc: 0.828926
Valdation 19, loss: 2.039499, validation acc: 0.674658, validation avg acc: 0.669419
Train 20, loss: 1.710792, train acc: 0.847222, train avg acc: 0.845907
Valdation 20, loss: 1.945363, validation acc: 0.739726, validation avg acc: 0.728702
Train 21, loss: 1.662742, train acc: 0.852431, train avg acc: 0.848029
Valdation 21, loss: 1.976895, validation acc: 0.702055, validation avg acc: 0.701405
Train 22, loss: 1.650211, train acc: 0.876736, train avg acc: 0.874489
Valdation 22, loss: 2.039276, validation acc: 0.698630, validation avg acc: 0.696270
Train 23, loss: 1.627621, train acc: 0.894097, train avg acc: 0.891711
Valdation 23, loss: 2.009866, validation acc: 0.657534, validation avg acc: 0.656034
Train 24, loss: 1.634367, train acc: 0.883681, train avg acc: 0.880898
Valdation 24, loss: 1.831383, validation acc: 0.791096, validation avg acc: 0.787159
Train 25, loss: 1.601850, train acc: 0.903646, train avg acc: 0.902628
Valdation 25, loss: 2.170777, validation acc: 0.630137, validation avg acc: 0.633875
Train 26, loss: 1.555937, train acc: 0.924479, train avg acc: 0.924071
Valdation 26, loss: 1.865460, validation acc: 0.787671, validation avg acc: 0.785761
Train 27, loss: 1.570636, train acc: 0.914931, train avg acc: 0.914599
Valdation 27, loss: 1.959020, validation acc: 0.705479, validation avg acc: 0.713012
Train 28, loss: 1.572735, train acc: 0.907986, train avg acc: 0.907862
Valdation 28, loss: 2.055531, validation acc: 0.654110, validation avg acc: 0.657349
Train 29, loss: 1.538626, train acc: 0.929688, train avg acc: 0.929471
Valdation 29, loss: 1.875531, validation acc: 0.756849, validation avg acc: 0.756745
Train 30, loss: 1.523642, train acc: 0.932292, train avg acc: 0.928683
Valdation 30, loss: 1.985360, validation acc: 0.708904, validation avg acc: 0.714217
Train 31, loss: 1.522710, train acc: 0.940972, train avg acc: 0.938620
Valdation 31, loss: 1.959548, validation acc: 0.729452, validation avg acc: 0.719730
Train 32, loss: 1.506360, train acc: 0.947049, train avg acc: 0.947552
Valdation 32, loss: 2.064644, validation acc: 0.630137, validation avg acc: 0.614924
Train 33, loss: 1.525642, train acc: 0.936632, train avg acc: 0.937172
Valdation 33, loss: 2.030744, validation acc: 0.678082, validation avg acc: 0.660572
Train 34, loss: 1.528569, train acc: 0.927083, train avg acc: 0.926034
Valdation 34, loss: 1.907430, validation acc: 0.719178, validation avg acc: 0.719454
Train 35, loss: 1.503068, train acc: 0.940972, train avg acc: 0.940907
Valdation 35, loss: 2.070632, validation acc: 0.664384, validation avg acc: 0.662252
Train 36, loss: 1.488821, train acc: 0.953993, train avg acc: 0.953431
Valdation 36, loss: 1.932842, validation acc: 0.732877, validation avg acc: 0.727027
Train 37, loss: 1.483546, train acc: 0.953993, train avg acc: 0.954304
Valdation 37, loss: 1.909925, validation acc: 0.722603, validation avg acc: 0.718728
Train 38, loss: 1.496743, train acc: 0.945312, train avg acc: 0.945136
Valdation 38, loss: 2.107253, validation acc: 0.657534, validation avg acc: 0.651787
Train 39, loss: 1.492406, train acc: 0.947049, train avg acc: 0.946475
Valdation 39, loss: 1.860082, validation acc: 0.763699, validation avg acc: 0.766369
Train 40, loss: 1.444491, train acc: 0.970486, train avg acc: 0.970225
Valdation 40, loss: 1.789025, validation acc: 0.801370, validation avg acc: 0.794912
Train 41, loss: 1.458534, train acc: 0.960069, train avg acc: 0.958963
Valdation 41, loss: 1.934728, validation acc: 0.767123, validation avg acc: 0.759240
Train 42, loss: 1.471561, train acc: 0.956597, train avg acc: 0.955757
Valdation 42, loss: 1.975163, validation acc: 0.729452, validation avg acc: 0.727012
Train 43, loss: 1.450596, train acc: 0.965278, train avg acc: 0.964633
Valdation 43, loss: 1.830815, validation acc: 0.784247, validation avg acc: 0.782380
Train 44, loss: 1.446622, train acc: 0.969618, train avg acc: 0.969870
Valdation 44, loss: 1.980752, validation acc: 0.712329, validation avg acc: 0.704869
Train 45, loss: 1.453544, train acc: 0.959201, train avg acc: 0.958681
Valdation 45, loss: 1.798789, validation acc: 0.808219, validation avg acc: 0.805296
Train 46, loss: 1.422487, train acc: 0.973090, train avg acc: 0.972660
Valdation 46, loss: 1.856625, validation acc: 0.753425, validation avg acc: 0.755095
Train 47, loss: 1.421234, train acc: 0.973958, train avg acc: 0.974165
Valdation 47, loss: 1.880051, validation acc: 0.743151, validation avg acc: 0.744661
Train 48, loss: 1.424027, train acc: 0.973090, train avg acc: 0.972778
Valdation 48, loss: 1.891159, validation acc: 0.732877, validation avg acc: 0.738170
Train 49, loss: 1.404300, train acc: 0.982639, train avg acc: 0.983248
Valdation 49, loss: 1.776688, validation acc: 0.804795, validation avg acc: 0.806787
Train 50, loss: 1.410044, train acc: 0.976562, train avg acc: 0.976907
Valdation 50, loss: 1.900787, validation acc: 0.743151, validation avg acc: 0.730589
Train 51, loss: 1.402571, train acc: 0.977431, train avg acc: 0.978405
Valdation 51, loss: 1.837016, validation acc: 0.791096, validation avg acc: 0.788184
Train 52, loss: 1.408265, train acc: 0.982639, train avg acc: 0.982629
Valdation 52, loss: 1.864192, validation acc: 0.753425, validation avg acc: 0.746496
Train 53, loss: 1.409627, train acc: 0.972222, train avg acc: 0.972612
Valdation 53, loss: 1.833178, validation acc: 0.777397, validation avg acc: 0.783908
Train 54, loss: 1.409633, train acc: 0.977431, train avg acc: 0.977887
Valdation 54, loss: 2.032715, validation acc: 0.729452, validation avg acc: 0.734614
Train 55, loss: 1.396465, train acc: 0.983507, train avg acc: 0.983279
Valdation 55, loss: 1.843418, validation acc: 0.784247, validation avg acc: 0.786457
Train 56, loss: 1.384008, train acc: 0.984375, train avg acc: 0.984664
Valdation 56, loss: 1.809295, validation acc: 0.773973, validation avg acc: 0.765344
Train 57, loss: 1.386260, train acc: 0.982639, train avg acc: 0.983620
Valdation 57, loss: 1.754947, validation acc: 0.797945, validation avg acc: 0.799298
Train 58, loss: 1.378552, train acc: 0.990451, train avg acc: 0.990719
Valdation 58, loss: 1.816314, validation acc: 0.773973, validation avg acc: 0.770334
Train 59, loss: 1.383558, train acc: 0.983507, train avg acc: 0.983874
Valdation 59, loss: 1.769671, validation acc: 0.811644, validation avg acc: 0.807101
Train 60, loss: 1.384710, train acc: 0.983507, train avg acc: 0.983353
Valdation 60, loss: 1.805912, validation acc: 0.794521, validation avg acc: 0.795602
Train 61, loss: 1.366411, train acc: 0.986111, train avg acc: 0.986112
Valdation 61, loss: 1.816159, validation acc: 0.801370, validation avg acc: 0.804119
Train 62, loss: 1.389715, train acc: 0.981771, train avg acc: 0.982730
Valdation 62, loss: 1.847639, validation acc: 0.756849, validation avg acc: 0.750752
Train 63, loss: 1.377114, train acc: 0.988715, train avg acc: 0.989087
Valdation 63, loss: 1.763763, validation acc: 0.811644, validation avg acc: 0.811490
Train 64, loss: 1.380212, train acc: 0.984375, train avg acc: 0.984439
Valdation 64, loss: 1.779145, validation acc: 0.801370, validation avg acc: 0.797571
Train 65, loss: 1.372043, train acc: 0.991319, train avg acc: 0.991582
Valdation 65, loss: 1.803080, validation acc: 0.794521, validation avg acc: 0.790072
Train 66, loss: 1.368416, train acc: 0.990451, train avg acc: 0.990698
Valdation 66, loss: 1.945430, validation acc: 0.719178, validation avg acc: 0.718389
Train 67, loss: 1.374200, train acc: 0.986111, train avg acc: 0.986467
Valdation 67, loss: 1.889155, validation acc: 0.787671, validation avg acc: 0.784245
Train 68, loss: 1.372258, train acc: 0.991319, train avg acc: 0.991967
Valdation 68, loss: 1.766990, validation acc: 0.787671, validation avg acc: 0.791346
Train 69, loss: 1.367645, train acc: 0.987847, train avg acc: 0.988139
Valdation 69, loss: 1.769951, validation acc: 0.804795, validation avg acc: 0.805918
Train 70, loss: 1.362388, train acc: 0.988715, train avg acc: 0.989155
Valdation 70, loss: 1.804570, validation acc: 0.777397, validation avg acc: 0.780886
Train 71, loss: 1.368695, train acc: 0.981771, train avg acc: 0.981928
Valdation 71, loss: 1.860778, validation acc: 0.756849, validation avg acc: 0.754478
Train 72, loss: 1.358490, train acc: 0.989583, train avg acc: 0.990228
Valdation 72, loss: 1.882506, validation acc: 0.770548, validation avg acc: 0.766543
Train 73, loss: 1.361716, train acc: 0.990451, train avg acc: 0.990995
Valdation 73, loss: 1.833859, validation acc: 0.756849, validation avg acc: 0.759606
Train 74, loss: 1.356613, train acc: 0.991319, train avg acc: 0.991567
Valdation 74, loss: 1.843336, validation acc: 0.760274, validation avg acc: 0.756001
Train 75, loss: 1.359138, train acc: 0.988715, train avg acc: 0.988999
Valdation 75, loss: 1.805026, validation acc: 0.784247, validation avg acc: 0.781315
Train 76, loss: 1.347866, train acc: 0.993056, train avg acc: 0.992997
Valdation 76, loss: 1.843364, validation acc: 0.763699, validation avg acc: 0.760319
Train 77, loss: 1.346639, train acc: 0.993056, train avg acc: 0.993390
Valdation 77, loss: 1.858200, validation acc: 0.773973, validation avg acc: 0.770208
Train 78, loss: 1.348697, train acc: 0.989583, train avg acc: 0.990284
Valdation 78, loss: 1.809842, validation acc: 0.787671, validation avg acc: 0.793560
Train 79, loss: 1.347674, train acc: 0.990451, train avg acc: 0.989988
Valdation 79, loss: 1.847220, validation acc: 0.756849, validation avg acc: 0.760565
Train 80, loss: 1.343831, train acc: 0.992188, train avg acc: 0.992656
Valdation 80, loss: 1.789136, validation acc: 0.804795, validation avg acc: 0.806334
Train 81, loss: 1.334462, train acc: 0.997396, train avg acc: 0.997462
Valdation 81, loss: 1.789865, validation acc: 0.821918, validation avg acc: 0.821429
Train 82, loss: 1.342004, train acc: 0.993056, train avg acc: 0.993372
Valdation 82, loss: 1.882882, validation acc: 0.736301, validation avg acc: 0.731554
Train 83, loss: 1.336892, train acc: 0.994792, train avg acc: 0.995016
Valdation 83, loss: 1.820568, validation acc: 0.770548, validation avg acc: 0.772861
Train 84, loss: 1.334041, train acc: 0.997396, train avg acc: 0.997550
Valdation 84, loss: 1.789685, validation acc: 0.777397, validation avg acc: 0.776888
Train 85, loss: 1.337390, train acc: 0.992188, train avg acc: 0.992113
Valdation 85, loss: 1.786399, validation acc: 0.780822, validation avg acc: 0.778480
Train 86, loss: 1.331064, train acc: 0.995660, train avg acc: 0.995833
Valdation 86, loss: 1.782957, validation acc: 0.801370, validation avg acc: 0.803382
Train 87, loss: 1.329018, train acc: 0.993924, train avg acc: 0.994180
Valdation 87, loss: 1.762385, validation acc: 0.791096, validation avg acc: 0.786199
Train 88, loss: 1.333432, train acc: 0.996528, train avg acc: 0.996396
Valdation 88, loss: 1.785975, validation acc: 0.780822, validation avg acc: 0.783420
Train 89, loss: 1.332531, train acc: 0.996528, train avg acc: 0.996565
Valdation 89, loss: 1.834605, validation acc: 0.753425, validation avg acc: 0.750030
Train 90, loss: 1.330168, train acc: 0.996528, train avg acc: 0.996737
Valdation 90, loss: 1.780832, validation acc: 0.808219, validation avg acc: 0.807596
Train 91, loss: 1.323063, train acc: 0.997396, train avg acc: 0.997450
Valdation 91, loss: 1.856359, validation acc: 0.760274, validation avg acc: 0.760719
Train 92, loss: 1.335608, train acc: 0.992188, train avg acc: 0.992746
Valdation 92, loss: 1.925001, validation acc: 0.739726, validation avg acc: 0.735287
Train 93, loss: 1.329982, train acc: 0.993924, train avg acc: 0.994098
Valdation 93, loss: 1.976426, validation acc: 0.729452, validation avg acc: 0.727774
Train 94, loss: 1.334882, train acc: 0.997396, train avg acc: 0.997454
Valdation 94, loss: 1.845138, validation acc: 0.746575, validation avg acc: 0.749634
Train 95, loss: 1.326783, train acc: 0.993924, train avg acc: 0.994319
Valdation 95, loss: 1.810317, validation acc: 0.763699, validation avg acc: 0.768511
Train 96, loss: 1.325254, train acc: 0.997396, train avg acc: 0.997521
Valdation 96, loss: 1.779332, validation acc: 0.784247, validation avg acc: 0.778692
Train 97, loss: 1.316062, train acc: 0.997396, train avg acc: 0.997396
Valdation 97, loss: 1.841815, validation acc: 0.777397, validation avg acc: 0.773821
Train 98, loss: 1.325791, train acc: 0.996528, train avg acc: 0.996750
Valdation 98, loss: 1.802318, validation acc: 0.780822, validation avg acc: 0.778147
Train 99, loss: 1.319157, train acc: 0.995660, train avg acc: 0.995775
Valdation 99, loss: 1.806597, validation acc: 0.763699, validation avg acc: 0.762171
Train 100, loss: 1.324778, train acc: 0.996528, train avg acc: 0.996575
Valdation 100, loss: 1.828945, validation acc: 0.777397, validation avg acc: 0.779372
Train 101, loss: 1.321454, train acc: 0.994792, train avg acc: 0.995025
Valdation 101, loss: 1.798087, validation acc: 0.787671, validation avg acc: 0.789436
Train 102, loss: 1.316645, train acc: 0.998264, train avg acc: 0.998230
Valdation 102, loss: 1.811300, validation acc: 0.791096, validation avg acc: 0.793947
Train 103, loss: 1.314698, train acc: 0.995660, train avg acc: 0.995929
Valdation 103, loss: 1.854405, validation acc: 0.756849, validation avg acc: 0.754228
Train 104, loss: 1.333253, train acc: 0.993056, train avg acc: 0.993515
Valdation 104, loss: 1.896449, validation acc: 0.739726, validation avg acc: 0.737651
Train 105, loss: 1.320404, train acc: 0.996528, train avg acc: 0.996663
Valdation 105, loss: 1.767790, validation acc: 0.818493, validation avg acc: 0.819008
Train 106, loss: 1.319563, train acc: 0.995660, train avg acc: 0.995809
Valdation 106, loss: 1.807448, validation acc: 0.780822, validation avg acc: 0.783970
Train 107, loss: 1.308866, train acc: 0.997396, train avg acc: 0.997471
Valdation 107, loss: 1.775325, validation acc: 0.804795, validation avg acc: 0.806072
Train 108, loss: 1.319295, train acc: 0.995660, train avg acc: 0.995849
Valdation 108, loss: 1.824018, validation acc: 0.780822, validation avg acc: 0.780926
Train 109, loss: 1.313866, train acc: 0.996528, train avg acc: 0.996562
Valdation 109, loss: 1.768597, validation acc: 0.801370, validation avg acc: 0.800425
Train 110, loss: 1.316558, train acc: 0.993056, train avg acc: 0.993310
Valdation 110, loss: 1.803050, validation acc: 0.811644, validation avg acc: 0.815738
Train 111, loss: 1.315311, train acc: 0.997396, train avg acc: 0.997406
Valdation 111, loss: 1.783289, validation acc: 0.804795, validation avg acc: 0.808394
Train 112, loss: 1.316472, train acc: 0.997396, train avg acc: 0.997406
Valdation 112, loss: 1.809412, validation acc: 0.773973, validation avg acc: 0.774038
Train 113, loss: 1.308409, train acc: 0.996528, train avg acc: 0.996568
Valdation 113, loss: 1.760903, validation acc: 0.787671, validation avg acc: 0.788129
Train 114, loss: 1.309562, train acc: 0.997396, train avg acc: 0.997418
Valdation 114, loss: 1.796861, validation acc: 0.787671, validation avg acc: 0.786200
Train 115, loss: 1.310325, train acc: 0.997396, train avg acc: 0.997406
Valdation 115, loss: 1.826035, validation acc: 0.763699, validation avg acc: 0.766411
Train 116, loss: 1.314377, train acc: 0.997396, train avg acc: 0.997501
Valdation 116, loss: 1.803748, validation acc: 0.777397, validation avg acc: 0.781695
Train 117, loss: 1.312164, train acc: 0.995660, train avg acc: 0.995825
Valdation 117, loss: 1.792490, validation acc: 0.791096, validation avg acc: 0.791645
Train 118, loss: 1.301355, train acc: 0.998264, train avg acc: 0.998496
Valdation 118, loss: 1.797061, validation acc: 0.780822, validation avg acc: 0.784838
Train 119, loss: 1.309833, train acc: 0.996528, train avg acc: 0.996599
Valdation 119, loss: 1.754200, validation acc: 0.780822, validation avg acc: 0.782029
Train 120, loss: 1.309674, train acc: 0.994792, train avg acc: 0.994776
Valdation 120, loss: 1.776749, validation acc: 0.801370, validation avg acc: 0.803973
Train 121, loss: 1.307948, train acc: 0.997396, train avg acc: 0.997418
Valdation 121, loss: 1.793443, validation acc: 0.773973, validation avg acc: 0.777867
Train 122, loss: 1.313647, train acc: 0.996528, train avg acc: 0.996639
Valdation 122, loss: 1.890341, validation acc: 0.756849, validation avg acc: 0.761924
Train 123, loss: 1.306163, train acc: 0.998264, train avg acc: 0.998239
Valdation 123, loss: 1.779499, validation acc: 0.794521, validation avg acc: 0.799359
Train 124, loss: 1.305252, train acc: 0.997396, train avg acc: 0.997386
Valdation 124, loss: 1.782791, validation acc: 0.801370, validation avg acc: 0.805256
Train 125, loss: 1.307365, train acc: 0.998264, train avg acc: 0.998239
Valdation 125, loss: 1.763208, validation acc: 0.794521, validation avg acc: 0.794918
Train 126, loss: 1.304911, train acc: 0.997396, train avg acc: 0.997399
Valdation 126, loss: 1.773897, validation acc: 0.791096, validation avg acc: 0.794606
Train 127, loss: 1.301409, train acc: 0.999132, train avg acc: 0.999060
Valdation 127, loss: 1.790107, validation acc: 0.780822, validation avg acc: 0.783440
Train 128, loss: 1.302815, train acc: 0.997396, train avg acc: 0.997453
Valdation 128, loss: 1.786679, validation acc: 0.791096, validation avg acc: 0.794061
Train 129, loss: 1.308443, train acc: 0.998264, train avg acc: 0.998411
Valdation 129, loss: 1.867966, validation acc: 0.746575, validation avg acc: 0.755402
Train 130, loss: 1.307133, train acc: 0.998264, train avg acc: 0.998227
Valdation 130, loss: 1.859270, validation acc: 0.756849, validation avg acc: 0.759948
Train 131, loss: 1.302612, train acc: 0.997396, train avg acc: 0.997418
Valdation 131, loss: 1.828538, validation acc: 0.760274, validation avg acc: 0.762371
Train 132, loss: 1.305156, train acc: 0.998264, train avg acc: 0.998271
Valdation 132, loss: 1.795851, validation acc: 0.784247, validation avg acc: 0.785376
Train 133, loss: 1.306597, train acc: 0.997396, train avg acc: 0.997389
Valdation 133, loss: 1.797448, validation acc: 0.780822, validation avg acc: 0.783462
Train 134, loss: 1.298349, train acc: 0.996528, train avg acc: 0.996620
Valdation 134, loss: 1.765151, validation acc: 0.784247, validation avg acc: 0.787849
Train 135, loss: 1.301288, train acc: 0.998264, train avg acc: 0.998239
Valdation 135, loss: 1.754083, validation acc: 0.784247, validation avg acc: 0.786212
Train 136, loss: 1.298197, train acc: 0.999132, train avg acc: 0.999179
Valdation 136, loss: 1.767513, validation acc: 0.794521, validation avg acc: 0.795161
Train 137, loss: 1.294694, train acc: 0.999132, train avg acc: 0.999060
Valdation 137, loss: 1.770197, validation acc: 0.797945, validation avg acc: 0.799791
Train 138, loss: 1.296536, train acc: 0.999132, train avg acc: 0.999048
Valdation 138, loss: 1.769670, validation acc: 0.787671, validation avg acc: 0.788297
Train 139, loss: 1.297049, train acc: 0.997396, train avg acc: 0.997498
Valdation 139, loss: 1.773340, validation acc: 0.804795, validation avg acc: 0.808166
Train 140, loss: 1.299113, train acc: 0.996528, train avg acc: 0.996597
Valdation 140, loss: 1.754891, validation acc: 0.770548, validation avg acc: 0.769856
Train 141, loss: 1.298874, train acc: 0.998264, train avg acc: 0.998227
Valdation 141, loss: 1.828222, validation acc: 0.767123, validation avg acc: 0.770574
Train 142, loss: 1.302878, train acc: 0.996528, train avg acc: 0.996663
Valdation 142, loss: 1.820357, validation acc: 0.770548, validation avg acc: 0.770402
Train 143, loss: 1.297239, train acc: 0.999132, train avg acc: 0.999179
Valdation 143, loss: 1.764675, validation acc: 0.787671, validation avg acc: 0.788573
Train 144, loss: 1.293286, train acc: 0.998264, train avg acc: 0.998227
Valdation 144, loss: 1.784605, validation acc: 0.784247, validation avg acc: 0.789428
Train 145, loss: 1.293591, train acc: 0.999132, train avg acc: 0.999048
Valdation 145, loss: 1.791764, validation acc: 0.773973, validation avg acc: 0.775717
Train 146, loss: 1.294617, train acc: 0.999132, train avg acc: 0.999179
Valdation 146, loss: 1.795643, validation acc: 0.777397, validation avg acc: 0.781297
Train 147, loss: 1.298036, train acc: 0.997396, train avg acc: 0.997399
Valdation 147, loss: 1.777978, validation acc: 0.791096, validation avg acc: 0.796028
Train 148, loss: 1.299367, train acc: 0.999132, train avg acc: 0.999060
Valdation 148, loss: 1.801726, validation acc: 0.784247, validation avg acc: 0.781935
Train 149, loss: 1.301303, train acc: 0.998264, train avg acc: 0.998214
Valdation 149, loss: 1.806570, validation acc: 0.770548, validation avg acc: 0.773068
Train 150, loss: 1.297933, train acc: 0.998264, train avg acc: 0.998239
Valdation 150, loss: 1.779577, validation acc: 0.780822, validation avg acc: 0.784889
Train 151, loss: 1.293721, train acc: 0.998264, train avg acc: 0.998339
Valdation 151, loss: 1.781913, validation acc: 0.767123, validation avg acc: 0.769046
Train 152, loss: 1.297948, train acc: 0.998264, train avg acc: 0.998239
Valdation 152, loss: 1.816738, validation acc: 0.756849, validation avg acc: 0.758308
Train 153, loss: 1.295896, train acc: 0.998264, train avg acc: 0.998217
Valdation 153, loss: 1.844763, validation acc: 0.794521, validation avg acc: 0.795726
Train 154, loss: 1.292597, train acc: 0.998264, train avg acc: 0.998230
Valdation 154, loss: 1.779798, validation acc: 0.784247, validation avg acc: 0.784299
Train 155, loss: 1.290052, train acc: 0.998264, train avg acc: 0.998227
Valdation 155, loss: 1.776889, validation acc: 0.777397, validation avg acc: 0.782414
Train 156, loss: 1.293345, train acc: 0.999132, train avg acc: 0.999179
Valdation 156, loss: 1.782429, validation acc: 0.794521, validation avg acc: 0.793377
Train 157, loss: 1.293972, train acc: 0.998264, train avg acc: 0.998220
Valdation 157, loss: 1.798197, validation acc: 0.777397, validation avg acc: 0.785377
Train 158, loss: 1.291319, train acc: 0.997396, train avg acc: 0.997406
Valdation 158, loss: 1.763238, validation acc: 0.773973, validation avg acc: 0.772678
Train 159, loss: 1.295379, train acc: 0.997396, train avg acc: 0.997470
Valdation 159, loss: 1.783094, validation acc: 0.777397, validation avg acc: 0.782865
Train 160, loss: 1.297154, train acc: 0.998264, train avg acc: 0.998230
Valdation 160, loss: 1.789913, validation acc: 0.784247, validation avg acc: 0.785889
Train 161, loss: 1.297729, train acc: 0.999132, train avg acc: 0.999060
Valdation 161, loss: 1.765060, validation acc: 0.780822, validation avg acc: 0.785346
Train 162, loss: 1.296054, train acc: 0.998264, train avg acc: 0.998239
Valdation 162, loss: 1.774359, validation acc: 0.777397, validation avg acc: 0.780088
Train 163, loss: 1.291155, train acc: 0.999132, train avg acc: 0.999060
Valdation 163, loss: 1.778568, validation acc: 0.811644, validation avg acc: 0.816382
Train 164, loss: 1.294437, train acc: 0.999132, train avg acc: 0.999048
Valdation 164, loss: 1.775514, validation acc: 0.797945, validation avg acc: 0.803395
Train 165, loss: 1.292454, train acc: 0.998264, train avg acc: 0.998239
Valdation 165, loss: 1.764728, validation acc: 0.808219, validation avg acc: 0.812453
Train 166, loss: 1.293522, train acc: 0.997396, train avg acc: 0.997359
Valdation 166, loss: 1.758169, validation acc: 0.791096, validation avg acc: 0.793872
Train 167, loss: 1.293372, train acc: 0.998264, train avg acc: 0.998239
Valdation 167, loss: 1.770876, validation acc: 0.787671, validation avg acc: 0.792623
Train 168, loss: 1.290517, train acc: 0.997396, train avg acc: 0.997399
Valdation 168, loss: 1.757422, validation acc: 0.797945, validation avg acc: 0.804291
Train 169, loss: 1.290523, train acc: 0.998264, train avg acc: 0.998230
Valdation 169, loss: 1.761867, validation acc: 0.804795, validation avg acc: 0.808648
Train 170, loss: 1.290245, train acc: 0.999132, train avg acc: 0.999060
Valdation 170, loss: 1.754285, validation acc: 0.787671, validation avg acc: 0.791768
Train 171, loss: 1.291308, train acc: 0.998264, train avg acc: 0.998230
Valdation 171, loss: 1.761210, validation acc: 0.808219, validation avg acc: 0.811028
Train 172, loss: 1.287533, train acc: 0.998264, train avg acc: 0.998239
Valdation 172, loss: 1.755342, validation acc: 0.780822, validation avg acc: 0.782124
Train 173, loss: 1.292299, train acc: 0.999132, train avg acc: 0.999060
Valdation 173, loss: 1.762783, validation acc: 0.784247, validation avg acc: 0.787617
Train 174, loss: 1.286967, train acc: 0.999132, train avg acc: 0.999060
Valdation 174, loss: 1.775469, validation acc: 0.784247, validation avg acc: 0.789363
Train 175, loss: 1.291192, train acc: 0.999132, train avg acc: 0.999060
Valdation 175, loss: 1.776007, validation acc: 0.794521, validation avg acc: 0.797284
Train 176, loss: 1.290934, train acc: 0.998264, train avg acc: 0.998239
Valdation 176, loss: 1.773640, validation acc: 0.784247, validation avg acc: 0.785222
Train 177, loss: 1.291495, train acc: 0.999132, train avg acc: 0.999048
Valdation 177, loss: 1.770281, validation acc: 0.777397, validation avg acc: 0.782259
Train 178, loss: 1.292957, train acc: 0.998264, train avg acc: 0.998230
Valdation 178, loss: 1.788406, validation acc: 0.791096, validation avg acc: 0.792028
Train 179, loss: 1.289158, train acc: 1.000000, train avg acc: 1.000000
Valdation 179, loss: 1.760503, validation acc: 0.787671, validation avg acc: 0.791951
Train 180, loss: 1.293469, train acc: 0.998264, train avg acc: 0.998230
Valdation 180, loss: 1.758818, validation acc: 0.797945, validation avg acc: 0.801388
Train 181, loss: 1.291752, train acc: 0.999132, train avg acc: 0.999060
Valdation 181, loss: 1.745968, validation acc: 0.815068, validation avg acc: 0.821224
Train 182, loss: 1.288529, train acc: 0.998264, train avg acc: 0.998227
Valdation 182, loss: 1.790340, validation acc: 0.787671, validation avg acc: 0.789213
Train 183, loss: 1.295084, train acc: 0.996528, train avg acc: 0.996650
Valdation 183, loss: 1.779273, validation acc: 0.791096, validation avg acc: 0.795896
Train 184, loss: 1.292489, train acc: 0.998264, train avg acc: 0.998358
Valdation 184, loss: 1.790463, validation acc: 0.787671, validation avg acc: 0.788285
Train 185, loss: 1.289442, train acc: 0.999132, train avg acc: 0.999060
Valdation 185, loss: 1.774463, validation acc: 0.797945, validation avg acc: 0.804319
Train 186, loss: 1.289591, train acc: 0.999132, train avg acc: 0.999060
Valdation 186, loss: 1.775775, validation acc: 0.791096, validation avg acc: 0.793033
Train 187, loss: 1.292756, train acc: 1.000000, train avg acc: 1.000000
Valdation 187, loss: 1.766818, validation acc: 0.767123, validation avg acc: 0.771730
Train 188, loss: 1.288685, train acc: 0.999132, train avg acc: 0.999048
Valdation 188, loss: 1.783003, validation acc: 0.801370, validation avg acc: 0.805905
Train 189, loss: 1.287449, train acc: 0.999132, train avg acc: 0.999048
Valdation 189, loss: 1.758245, validation acc: 0.794521, validation avg acc: 0.796610
Train 190, loss: 1.285415, train acc: 0.999132, train avg acc: 0.999060
Valdation 190, loss: 1.787547, validation acc: 0.770548, validation avg acc: 0.772836
Train 191, loss: 1.286875, train acc: 0.999132, train avg acc: 0.999060
Valdation 191, loss: 1.784095, validation acc: 0.787671, validation avg acc: 0.791100
Train 192, loss: 1.286103, train acc: 0.998264, train avg acc: 0.998204
Valdation 192, loss: 1.765979, validation acc: 0.780822, validation avg acc: 0.784126
Train 193, loss: 1.286869, train acc: 0.999132, train avg acc: 0.999060
Valdation 193, loss: 1.765225, validation acc: 0.787671, validation avg acc: 0.790446
Train 194, loss: 1.282825, train acc: 0.999132, train avg acc: 0.999060
Valdation 194, loss: 1.762721, validation acc: 0.780822, validation avg acc: 0.785319
Train 195, loss: 1.286557, train acc: 0.997396, train avg acc: 0.997335
Valdation 195, loss: 1.778018, validation acc: 0.791096, validation avg acc: 0.794198
Train 196, loss: 1.287511, train acc: 0.998264, train avg acc: 0.998217
Valdation 196, loss: 1.771763, validation acc: 0.804795, validation avg acc: 0.810651
Train 197, loss: 1.285154, train acc: 0.999132, train avg acc: 0.999179
Valdation 197, loss: 1.765997, validation acc: 0.808219, validation avg acc: 0.814255
Train 198, loss: 1.286082, train acc: 1.000000, train avg acc: 1.000000
Valdation 198, loss: 1.775822, validation acc: 0.780822, validation avg acc: 0.786089
Train 199, loss: 1.288803, train acc: 1.000000, train avg acc: 1.000000
Valdation 199, loss: 1.775483, validation acc: 0.794521, validation avg acc: 0.799784
Train 200, loss: 1.287002, train acc: 0.998264, train avg acc: 0.998227
Valdation 200, loss: 1.774490, validation acc: 0.780822, validation avg acc: 0.781757
Train 201, loss: 1.290126, train acc: 0.998264, train avg acc: 0.998204
Valdation 201, loss: 1.762417, validation acc: 0.791096, validation avg acc: 0.798205
Train 202, loss: 1.286458, train acc: 0.998264, train avg acc: 0.998230
Valdation 202, loss: 1.762635, validation acc: 0.801370, validation avg acc: 0.806465
Train 203, loss: 1.282560, train acc: 0.999132, train avg acc: 0.999179
Valdation 203, loss: 1.771106, validation acc: 0.794521, validation avg acc: 0.796703
Train 204, loss: 1.288297, train acc: 0.997396, train avg acc: 0.997460
Valdation 204, loss: 1.760067, validation acc: 0.797945, validation avg acc: 0.804072
Train 205, loss: 1.286797, train acc: 0.997396, train avg acc: 0.997418
Valdation 205, loss: 1.764125, validation acc: 0.797945, validation avg acc: 0.802261
Train 206, loss: 1.284318, train acc: 0.998264, train avg acc: 0.998230
Valdation 206, loss: 1.774784, validation acc: 0.773973, validation avg acc: 0.780820
Train 207, loss: 1.288897, train acc: 0.999132, train avg acc: 0.999060
Valdation 207, loss: 1.786758, validation acc: 0.756849, validation avg acc: 0.762679
Train 208, loss: 1.283335, train acc: 0.998264, train avg acc: 0.998239
Valdation 208, loss: 1.776913, validation acc: 0.794521, validation avg acc: 0.798927
Train 209, loss: 1.286721, train acc: 0.999132, train avg acc: 0.999160
Valdation 209, loss: 1.770902, validation acc: 0.787671, validation avg acc: 0.793519
Train 210, loss: 1.284921, train acc: 0.999132, train avg acc: 0.999169
Valdation 210, loss: 1.785024, validation acc: 0.773973, validation avg acc: 0.780631
Train 211, loss: 1.284688, train acc: 0.999132, train avg acc: 0.999060
Valdation 211, loss: 1.787376, validation acc: 0.784247, validation avg acc: 0.785934
Train 212, loss: 1.287771, train acc: 0.998264, train avg acc: 0.998227
Valdation 212, loss: 1.773578, validation acc: 0.773973, validation avg acc: 0.780003
Train 213, loss: 1.288182, train acc: 0.999132, train avg acc: 0.999035
Valdation 213, loss: 1.780468, validation acc: 0.777397, validation avg acc: 0.783350
Train 214, loss: 1.285422, train acc: 0.998264, train avg acc: 0.998230
Valdation 214, loss: 1.779452, validation acc: 0.780822, validation avg acc: 0.786197
Train 215, loss: 1.286739, train acc: 0.999132, train avg acc: 0.999048
Valdation 215, loss: 1.780054, validation acc: 0.787671, validation avg acc: 0.795526
Train 216, loss: 1.283056, train acc: 0.999132, train avg acc: 0.999169
Valdation 216, loss: 1.768376, validation acc: 0.784247, validation avg acc: 0.789278
Train 217, loss: 1.285538, train acc: 1.000000, train avg acc: 1.000000
Valdation 217, loss: 1.771884, validation acc: 0.791096, validation avg acc: 0.797699
Train 218, loss: 1.282975, train acc: 0.998264, train avg acc: 0.998227
Valdation 218, loss: 1.774419, validation acc: 0.780822, validation avg acc: 0.785131
Train 219, loss: 1.289424, train acc: 0.998264, train avg acc: 0.998230
Valdation 219, loss: 1.768603, validation acc: 0.784247, validation avg acc: 0.789527
Train 220, loss: 1.283146, train acc: 0.999132, train avg acc: 0.999048
Valdation 220, loss: 1.767058, validation acc: 0.787671, validation avg acc: 0.793472
Train 221, loss: 1.290422, train acc: 1.000000, train avg acc: 1.000000
Valdation 221, loss: 1.774714, validation acc: 0.791096, validation avg acc: 0.796330
Train 222, loss: 1.287058, train acc: 0.998264, train avg acc: 0.998120
Valdation 222, loss: 1.766687, validation acc: 0.791096, validation avg acc: 0.798776
Train 223, loss: 1.283973, train acc: 1.000000, train avg acc: 1.000000
Valdation 223, loss: 1.761350, validation acc: 0.784247, validation avg acc: 0.788473
Train 224, loss: 1.281485, train acc: 1.000000, train avg acc: 1.000000
Valdation 224, loss: 1.776937, validation acc: 0.784247, validation avg acc: 0.787819
Train 225, loss: 1.285102, train acc: 0.998264, train avg acc: 0.998239
Valdation 225, loss: 1.763083, validation acc: 0.777397, validation avg acc: 0.783033
Train 226, loss: 1.287481, train acc: 0.998264, train avg acc: 0.998227
Valdation 226, loss: 1.761231, validation acc: 0.794521, validation avg acc: 0.800849
Train 227, loss: 1.285110, train acc: 0.999132, train avg acc: 0.999060
Valdation 227, loss: 1.771590, validation acc: 0.780822, validation avg acc: 0.787634
Train 228, loss: 1.282480, train acc: 0.999132, train avg acc: 0.999048
Valdation 228, loss: 1.768814, validation acc: 0.767123, validation avg acc: 0.770813
Train 229, loss: 1.285492, train acc: 1.000000, train avg acc: 1.000000
Valdation 229, loss: 1.775214, validation acc: 0.797945, validation avg acc: 0.804947
Train 230, loss: 1.285862, train acc: 0.999132, train avg acc: 0.999022
Valdation 230, loss: 1.761747, validation acc: 0.794521, validation avg acc: 0.801249
Train 231, loss: 1.287462, train acc: 0.998264, train avg acc: 0.998220
Valdation 231, loss: 1.767996, validation acc: 0.784247, validation avg acc: 0.792040
Train 232, loss: 1.287622, train acc: 0.997396, train avg acc: 0.997406
Valdation 232, loss: 1.766989, validation acc: 0.780822, validation avg acc: 0.785845
Train 233, loss: 1.284221, train acc: 1.000000, train avg acc: 1.000000
Valdation 233, loss: 1.768666, validation acc: 0.770548, validation avg acc: 0.775573
Train 234, loss: 1.284505, train acc: 0.999132, train avg acc: 0.999060
Valdation 234, loss: 1.775195, validation acc: 0.780822, validation avg acc: 0.786663
Train 235, loss: 1.285229, train acc: 0.999132, train avg acc: 0.999060
Valdation 235, loss: 1.773536, validation acc: 0.784247, validation avg acc: 0.788985
Train 236, loss: 1.285199, train acc: 0.999132, train avg acc: 0.999060
Valdation 236, loss: 1.764583, validation acc: 0.794521, validation avg acc: 0.799097
Train 237, loss: 1.285502, train acc: 0.999132, train avg acc: 0.999179
Valdation 237, loss: 1.772010, validation acc: 0.780822, validation avg acc: 0.786409
Train 238, loss: 1.284071, train acc: 0.998264, train avg acc: 0.998217
Valdation 238, loss: 1.763598, validation acc: 0.784247, validation avg acc: 0.789573
Train 239, loss: 1.282752, train acc: 0.999132, train avg acc: 0.999060
Valdation 239, loss: 1.768885, validation acc: 0.780822, validation avg acc: 0.787114
Train 240, loss: 1.282087, train acc: 1.000000, train avg acc: 1.000000
Valdation 240, loss: 1.765046, validation acc: 0.770548, validation avg acc: 0.775785
Train 241, loss: 1.284134, train acc: 0.999132, train avg acc: 0.999060
Valdation 241, loss: 1.767984, validation acc: 0.787671, validation avg acc: 0.792046
Train 242, loss: 1.282802, train acc: 0.999132, train avg acc: 0.999060
Valdation 242, loss: 1.774448, validation acc: 0.801370, validation avg acc: 0.805974
Train 243, loss: 1.287085, train acc: 0.999132, train avg acc: 0.999060
Valdation 243, loss: 1.771749, validation acc: 0.791096, validation avg acc: 0.794696
Train 244, loss: 1.279928, train acc: 1.000000, train avg acc: 1.000000
Valdation 244, loss: 1.767743, validation acc: 0.791096, validation avg acc: 0.796746
Train 245, loss: 1.285602, train acc: 0.999132, train avg acc: 0.999060
Valdation 245, loss: 1.766155, validation acc: 0.784247, validation avg acc: 0.789275
Train 246, loss: 1.283064, train acc: 0.999132, train avg acc: 0.999060
Valdation 246, loss: 1.768667, validation acc: 0.787671, validation avg acc: 0.793991
Train 247, loss: 1.284128, train acc: 0.999132, train avg acc: 0.999060
Valdation 247, loss: 1.769979, validation acc: 0.777397, validation avg acc: 0.783221
Train 248, loss: 1.283603, train acc: 1.000000, train avg acc: 1.000000
Valdation 248, loss: 1.765119, validation acc: 0.777397, validation avg acc: 0.782379
Train 249, loss: 1.282646, train acc: 1.000000, train avg acc: 1.000000
Valdation 249, loss: 1.767806, validation acc: 0.770548, validation avg acc: 0.775378
