Namespace(batch_size=2, dataset='nagoya_dataset', dropout=0.5, emb_dims=1024, epochs=250, eval=False, exp_name='exp', k=20, lr=0.001, model='dgcnn', model_path='', momentum=0.9, no_cuda=False, num_points=1024, seed=1, test_batch_size=2, use_sgd=True)
Using GPU : 0 from 1 devices
Namespace(batch_size=2, dataset='nagoya_dataset', dropout=0.5, emb_dims=1024, epochs=250, eval=False, exp_name='exp', k=20, lr=0.001, model='dgcnn', model_path='', momentum=0.9, no_cuda=False, num_points=1024, seed=1, test_batch_size=2, use_sgd=True)
Using GPU : 0 from 1 devices
Namespace(batch_size=2, dataset='nagoya_dataset', dropout=0.5, emb_dims=1024, epochs=250, eval=False, exp_name='exp', k=20, lr=0.001, model='dgcnn', model_path='', momentum=0.9, no_cuda=False, num_points=1024, seed=1, test_batch_size=2, use_sgd=True)
Using GPU : 0 from 1 devices
Namespace(batch_size=2, dataset='nagoya_dataset', dropout=0.5, emb_dims=1024, epochs=250, eval=False, exp_name='exp', k=20, lr=0.001, model='dgcnn', model_path='', momentum=0.9, no_cuda=False, num_points=1024, seed=1, test_batch_size=2, use_sgd=True)
Using GPU : 0 from 1 devices
Namespace(batch_size=32, dataset='nagoya_dataset', dropout=0.5, emb_dims=1024, epochs=250, eval=False, exp_name='exp', k=20, lr=0.001, model='dgcnn', model_path='', momentum=0.9, no_cuda=False, num_points=1024, seed=1, test_batch_size=32, use_sgd=True)
Using GPU : 0 from 1 devices
Namespace(exp_name='exp', model='dgcnn', dataset='nagoya_dataset', batch_size=32, test_batch_size=32, epochs=250, use_sgd=True, lr=0.001, momentum=0.9, no_cuda=False, seed=1, eval=False, num_points=1024, dropout=0.5, emb_dims=1024, k=20, model_path='')
Using GPU : 0 from 2 devices
Train 0, loss: 3.723800, train acc: 0.124132, train avg acc: 0.121095
Valdation 0, loss: 4.117422, validation acc: 0.065068, validation avg acc: 0.071429
Train 1, loss: 3.345173, train acc: 0.210938, train avg acc: 0.209238
Valdation 1, loss: 3.706182, validation acc: 0.089041, validation avg acc: 0.085083
Train 2, loss: 2.939232, train acc: 0.266493, train avg acc: 0.261273
Valdation 2, loss: 2.756542, validation acc: 0.291096, validation avg acc: 0.290733
Train 3, loss: 2.743016, train acc: 0.333333, train avg acc: 0.330436
Valdation 3, loss: 2.639100, validation acc: 0.356164, validation avg acc: 0.357893
Train 4, loss: 2.514631, train acc: 0.401042, train avg acc: 0.397831
Valdation 4, loss: 2.690775, validation acc: 0.342466, validation avg acc: 0.355266
Train 5, loss: 2.438127, train acc: 0.446181, train avg acc: 0.439724
Valdation 5, loss: 2.390724, validation acc: 0.486301, validation avg acc: 0.465319
Train 6, loss: 2.306034, train acc: 0.510417, train avg acc: 0.501297
Valdation 6, loss: 2.445866, validation acc: 0.400685, validation avg acc: 0.390534
Train 7, loss: 2.307761, train acc: 0.499132, train avg acc: 0.489341
Valdation 7, loss: 2.352784, validation acc: 0.482877, validation avg acc: 0.464548
Train 8, loss: 2.245255, train acc: 0.537326, train avg acc: 0.531853
Valdation 8, loss: 2.535145, validation acc: 0.410959, validation avg acc: 0.386470
Train 9, loss: 2.159205, train acc: 0.573785, train avg acc: 0.563251
Valdation 9, loss: 2.639038, validation acc: 0.386986, validation avg acc: 0.369734
Train 10, loss: 2.143939, train acc: 0.607639, train avg acc: 0.601369
Valdation 10, loss: 2.468856, validation acc: 0.476027, validation avg acc: 0.455384
Namespace(exp_name='exp', model='dgcnn', dataset='nagoya_dataset', batch_size=32, test_batch_size=32, epochs=250, use_sgd=True, lr=0.001, momentum=0.9, no_cuda=False, seed=1, eval=False, num_points=1024, dropout=0.5, emb_dims=1024, k=20, model_path='')
Using GPU : 0 from 2 devices
Namespace(exp_name='exp', model='dgcnn', dataset='nagoya_dataset', batch_size=32, test_batch_size=32, epochs=250, use_sgd=True, lr=0.001, momentum=0.9, no_cuda=False, seed=1, eval=False, num_points=1024, dropout=0.5, emb_dims=1024, k=20, model_path='')
Using GPU : 0 from 2 devices
Train 0, loss: 3.677394, train acc: 0.148438, train avg acc: 0.146969
Valdation 0, loss: 5.232475, validation acc: 0.065068, validation avg acc: 0.071429
Train 1, loss: 3.312344, train acc: 0.213542, train avg acc: 0.209829
Valdation 1, loss: 3.488899, validation acc: 0.071918, validation avg acc: 0.078231
Train 2, loss: 2.908565, train acc: 0.284722, train avg acc: 0.278396
Valdation 2, loss: 2.791715, validation acc: 0.335616, validation avg acc: 0.336637
Train 3, loss: 2.661960, train acc: 0.349826, train avg acc: 0.343983
Valdation 3, loss: 2.664153, validation acc: 0.349315, validation avg acc: 0.351913
Train 4, loss: 2.500746, train acc: 0.414931, train avg acc: 0.406300
Valdation 4, loss: 2.448093, validation acc: 0.445205, validation avg acc: 0.450083
Train 5, loss: 2.393552, train acc: 0.461806, train avg acc: 0.458104
Valdation 5, loss: 2.500188, validation acc: 0.383562, validation avg acc: 0.362305
Train 6, loss: 2.326332, train acc: 0.480035, train avg acc: 0.471899
Valdation 6, loss: 2.496169, validation acc: 0.421233, validation avg acc: 0.404149
Train 7, loss: 2.237142, train acc: 0.533854, train avg acc: 0.522322
Valdation 7, loss: 2.437202, validation acc: 0.462329, validation avg acc: 0.439186
Train 8, loss: 2.210517, train acc: 0.560764, train avg acc: 0.554661
Valdation 8, loss: 2.701170, validation acc: 0.421233, validation avg acc: 0.393296
Train 9, loss: 2.134012, train acc: 0.585069, train avg acc: 0.577773
Valdation 9, loss: 2.708991, validation acc: 0.390411, validation avg acc: 0.368572
Train 10, loss: 2.160055, train acc: 0.571181, train avg acc: 0.564722
Namespace(exp_name='exp', model='dgcnn', dataset='nagoya_dataset', batch_size=128, test_batch_size=128, epochs=250, use_sgd=True, lr=0.001, momentum=0.9, no_cuda=False, seed=1, eval=False, num_points=1024, dropout=0.5, emb_dims=1024, k=20, model_path='')
Using GPU : 0 from 2 devices
Train 0, loss: 3.232836, train acc: 0.188368, train avg acc: 0.182269
Valdation 0, loss: 4.412289, validation acc: 0.065068, validation avg acc: 0.071429
Train 1, loss: 2.860159, train acc: 0.288194, train avg acc: 0.283910
Valdation 1, loss: 5.179602, validation acc: 0.054795, validation avg acc: 0.071429
Train 2, loss: 2.662804, train acc: 0.370660, train avg acc: 0.369305
Valdation 2, loss: 5.156069, validation acc: 0.082192, validation avg acc: 0.071429
Train 3, loss: 2.564396, train acc: 0.389757, train avg acc: 0.386791
Valdation 3, loss: 5.405237, validation acc: 0.054795, validation avg acc: 0.071429
Train 4, loss: 2.440622, train acc: 0.449653, train avg acc: 0.440976
Valdation 4, loss: 5.407166, validation acc: 0.054795, validation avg acc: 0.071429
Train 5, loss: 2.329169, train acc: 0.499132, train avg acc: 0.498710
Valdation 5, loss: 6.312609, validation acc: 0.075342, validation avg acc: 0.071429
Train 6, loss: 2.280098, train acc: 0.518229, train avg acc: 0.512101
Valdation 6, loss: 5.720886, validation acc: 0.085616, validation avg acc: 0.075893
Train 7, loss: 2.208599, train acc: 0.565104, train avg acc: 0.555572
Valdation 7, loss: 4.314013, validation acc: 0.099315, validation avg acc: 0.114816
Train 8, loss: 2.134139, train acc: 0.603299, train avg acc: 0.599803
Valdation 8, loss: 3.958964, validation acc: 0.208904, validation avg acc: 0.195977
Train 9, loss: 2.109993, train acc: 0.618924, train avg acc: 0.610744
Valdation 9, loss: 3.557325, validation acc: 0.232877, validation avg acc: 0.227730
Train 10, loss: 2.084776, train acc: 0.643229, train avg acc: 0.639595
Valdation 10, loss: 3.118736, validation acc: 0.328767, validation avg acc: 0.312848
Train 11, loss: 2.047178, train acc: 0.655382, train avg acc: 0.648802
Valdation 11, loss: 3.271350, validation acc: 0.253425, validation avg acc: 0.241378
Train 12, loss: 2.022121, train acc: 0.661458, train avg acc: 0.656645
Valdation 12, loss: 2.803643, validation acc: 0.366438, validation avg acc: 0.349422
Train 13, loss: 1.934765, train acc: 0.717882, train avg acc: 0.711116
Valdation 13, loss: 2.572235, validation acc: 0.455479, validation avg acc: 0.434043
Train 14, loss: 1.936903, train acc: 0.717882, train avg acc: 0.712017
Valdation 14, loss: 3.090561, validation acc: 0.376712, validation avg acc: 0.348063
Train 15, loss: 1.936754, train acc: 0.717882, train avg acc: 0.712931
Valdation 15, loss: 3.060492, validation acc: 0.287671, validation avg acc: 0.267300
Train 16, loss: 1.898895, train acc: 0.738715, train avg acc: 0.731511
Valdation 16, loss: 2.601265, validation acc: 0.448630, validation avg acc: 0.435355
Train 17, loss: 1.851459, train acc: 0.756944, train avg acc: 0.754566
Valdation 17, loss: 2.689407, validation acc: 0.448630, validation avg acc: 0.422734
Train 18, loss: 1.831701, train acc: 0.782986, train avg acc: 0.774535
Valdation 18, loss: 2.945827, validation acc: 0.404110, validation avg acc: 0.383377
Train 19, loss: 1.804176, train acc: 0.769965, train avg acc: 0.765439
Valdation 19, loss: 3.085665, validation acc: 0.349315, validation avg acc: 0.322617
Train 20, loss: 1.781878, train acc: 0.798611, train avg acc: 0.792733
Valdation 20, loss: 2.664615, validation acc: 0.489726, validation avg acc: 0.460842
Train 21, loss: 1.761396, train acc: 0.818576, train avg acc: 0.812380
Valdation 21, loss: 2.711166, validation acc: 0.455479, validation avg acc: 0.431344
Train 22, loss: 1.731577, train acc: 0.821181, train avg acc: 0.816716
Valdation 22, loss: 2.793366, validation acc: 0.445205, validation avg acc: 0.416852
Train 23, loss: 1.745160, train acc: 0.812500, train avg acc: 0.806522
Valdation 23, loss: 2.645763, validation acc: 0.424658, validation avg acc: 0.402056
Train 24, loss: 1.751292, train acc: 0.809896, train avg acc: 0.802907
Valdation 24, loss: 2.756177, validation acc: 0.452055, validation avg acc: 0.432453
Train 25, loss: 1.715369, train acc: 0.831597, train avg acc: 0.826338
Valdation 25, loss: 2.774621, validation acc: 0.417808, validation avg acc: 0.392738
Train 26, loss: 1.680650, train acc: 0.840278, train avg acc: 0.835845
Valdation 26, loss: 2.889324, validation acc: 0.400685, validation avg acc: 0.376221
Train 27, loss: 1.731146, train acc: 0.819444, train avg acc: 0.815595
Valdation 27, loss: 2.492934, validation acc: 0.547945, validation avg acc: 0.524149
Train 28, loss: 1.694805, train acc: 0.841146, train avg acc: 0.835794
Valdation 28, loss: 2.494457, validation acc: 0.534247, validation avg acc: 0.510893
Train 29, loss: 1.659602, train acc: 0.871528, train avg acc: 0.867759
Valdation 29, loss: 2.744892, validation acc: 0.434932, validation avg acc: 0.409097
Train 30, loss: 1.668339, train acc: 0.861111, train avg acc: 0.857200
Valdation 30, loss: 2.665593, validation acc: 0.445205, validation avg acc: 0.421726
Train 31, loss: 1.641715, train acc: 0.861979, train avg acc: 0.858186
Valdation 31, loss: 2.746577, validation acc: 0.438356, validation avg acc: 0.414835
Train 32, loss: 1.621145, train acc: 0.890625, train avg acc: 0.888266
Valdation 32, loss: 2.728043, validation acc: 0.458904, validation avg acc: 0.439185
Train 33, loss: 1.619495, train acc: 0.884549, train avg acc: 0.881300
Valdation 33, loss: 2.824125, validation acc: 0.431507, validation avg acc: 0.410672
Train 34, loss: 1.617878, train acc: 0.888889, train avg acc: 0.886534
Valdation 34, loss: 2.429466, validation acc: 0.503425, validation avg acc: 0.480534
Train 35, loss: 1.613131, train acc: 0.893229, train avg acc: 0.888230
Valdation 35, loss: 2.566223, validation acc: 0.465753, validation avg acc: 0.451267
Train 36, loss: 1.612979, train acc: 0.867188, train avg acc: 0.864312
Valdation 36, loss: 3.174429, validation acc: 0.366438, validation avg acc: 0.341739
Train 37, loss: 1.597674, train acc: 0.893229, train avg acc: 0.891442
Valdation 37, loss: 2.843367, validation acc: 0.414384, validation avg acc: 0.392304
Train 38, loss: 1.594354, train acc: 0.911458, train avg acc: 0.909473
Valdation 38, loss: 2.835510, validation acc: 0.421233, validation avg acc: 0.397279
Train 39, loss: 1.610055, train acc: 0.887153, train avg acc: 0.884913
Valdation 39, loss: 3.154894, validation acc: 0.335616, validation avg acc: 0.314489
Train 40, loss: 1.582495, train acc: 0.883681, train avg acc: 0.880315
Valdation 40, loss: 3.037820, validation acc: 0.404110, validation avg acc: 0.379199
Train 41, loss: 1.563639, train acc: 0.921875, train avg acc: 0.918078
Valdation 41, loss: 2.569513, validation acc: 0.489726, validation avg acc: 0.470271
Train 42, loss: 1.554593, train acc: 0.914062, train avg acc: 0.910932
Valdation 42, loss: 3.037343, validation acc: 0.304795, validation avg acc: 0.288645
Train 43, loss: 1.553763, train acc: 0.911458, train avg acc: 0.908871
Valdation 43, loss: 3.133863, validation acc: 0.393836, validation avg acc: 0.368227
Train 44, loss: 1.566832, train acc: 0.908854, train avg acc: 0.908011
Valdation 44, loss: 2.694627, validation acc: 0.482877, validation avg acc: 0.467915
Train 45, loss: 1.564255, train acc: 0.898438, train avg acc: 0.895014
Valdation 45, loss: 2.650640, validation acc: 0.486301, validation avg acc: 0.469654
Train 46, loss: 1.520664, train acc: 0.934028, train avg acc: 0.931481
Valdation 46, loss: 2.839020, validation acc: 0.434932, validation avg acc: 0.413687
Train 47, loss: 1.520960, train acc: 0.936632, train avg acc: 0.935290
Valdation 47, loss: 2.690601, validation acc: 0.500000, validation avg acc: 0.479725
Train 48, loss: 1.511330, train acc: 0.927083, train avg acc: 0.924832
Valdation 48, loss: 2.708545, validation acc: 0.421233, validation avg acc: 0.405869
Train 49, loss: 1.532936, train acc: 0.926215, train avg acc: 0.924954
Valdation 49, loss: 2.627236, validation acc: 0.458904, validation avg acc: 0.439587
Train 50, loss: 1.534060, train acc: 0.924479, train avg acc: 0.920277
Valdation 50, loss: 2.964076, validation acc: 0.393836, validation avg acc: 0.373132
Train 51, loss: 1.524156, train acc: 0.928819, train avg acc: 0.925362
Valdation 51, loss: 2.853255, validation acc: 0.383562, validation avg acc: 0.361005
Train 52, loss: 1.521291, train acc: 0.931424, train avg acc: 0.929394
Valdation 52, loss: 3.082844, validation acc: 0.383562, validation avg acc: 0.363178
Train 53, loss: 1.530446, train acc: 0.914062, train avg acc: 0.911750
Valdation 53, loss: 3.139170, validation acc: 0.383562, validation avg acc: 0.361892
Train 54, loss: 1.496366, train acc: 0.945312, train avg acc: 0.942416
Valdation 54, loss: 2.605935, validation acc: 0.510274, validation avg acc: 0.488753
Train 55, loss: 1.515275, train acc: 0.938368, train avg acc: 0.936605
Valdation 55, loss: 3.337818, validation acc: 0.280822, validation avg acc: 0.263262
Train 56, loss: 1.499435, train acc: 0.936632, train avg acc: 0.934207
Valdation 56, loss: 2.934709, validation acc: 0.445205, validation avg acc: 0.423290
Train 57, loss: 1.516139, train acc: 0.924479, train avg acc: 0.922657
Valdation 57, loss: 2.832142, validation acc: 0.417808, validation avg acc: 0.403570
Train 58, loss: 1.496323, train acc: 0.934028, train avg acc: 0.932405
Valdation 58, loss: 3.209016, validation acc: 0.325342, validation avg acc: 0.303700
Train 59, loss: 1.503436, train acc: 0.934028, train avg acc: 0.930620
Valdation 59, loss: 2.997623, validation acc: 0.414384, validation avg acc: 0.391025
Train 60, loss: 1.495398, train acc: 0.938368, train avg acc: 0.936851
Valdation 60, loss: 2.970399, validation acc: 0.383562, validation avg acc: 0.369608
Train 61, loss: 1.502068, train acc: 0.935764, train avg acc: 0.934623
Valdation 61, loss: 2.908388, validation acc: 0.424658, validation avg acc: 0.399548
Train 62, loss: 1.487547, train acc: 0.934028, train avg acc: 0.931632
Valdation 62, loss: 2.864823, validation acc: 0.424658, validation avg acc: 0.405468
Train 63, loss: 1.483476, train acc: 0.946181, train avg acc: 0.944978
Valdation 63, loss: 2.752946, validation acc: 0.458904, validation avg acc: 0.441568
Train 64, loss: 1.470167, train acc: 0.947049, train avg acc: 0.944728
Valdation 64, loss: 3.189752, validation acc: 0.393836, validation avg acc: 0.372058
Train 65, loss: 1.479706, train acc: 0.940104, train avg acc: 0.938717
Valdation 65, loss: 2.755155, validation acc: 0.452055, validation avg acc: 0.435432
Train 66, loss: 1.486643, train acc: 0.942708, train avg acc: 0.941333
Valdation 66, loss: 2.970757, validation acc: 0.376712, validation avg acc: 0.353631
Train 67, loss: 1.478118, train acc: 0.945312, train avg acc: 0.943897
Valdation 67, loss: 2.733452, validation acc: 0.458904, validation avg acc: 0.436619
Train 68, loss: 1.466456, train acc: 0.952257, train avg acc: 0.950228
Valdation 68, loss: 2.871100, validation acc: 0.407534, validation avg acc: 0.382565
Train 69, loss: 1.449113, train acc: 0.962674, train avg acc: 0.961594
Valdation 69, loss: 2.755877, validation acc: 0.500000, validation avg acc: 0.482479
Train 70, loss: 1.455219, train acc: 0.961806, train avg acc: 0.959375
Valdation 70, loss: 2.540456, validation acc: 0.510274, validation avg acc: 0.490521
Train 71, loss: 1.455987, train acc: 0.948785, train avg acc: 0.947407
Valdation 71, loss: 2.865873, validation acc: 0.393836, validation avg acc: 0.372879
Train 72, loss: 1.432174, train acc: 0.972222, train avg acc: 0.971661
Valdation 72, loss: 2.995075, validation acc: 0.393836, validation avg acc: 0.373031
Train 73, loss: 1.465591, train acc: 0.948785, train avg acc: 0.946172
Valdation 73, loss: 2.433348, validation acc: 0.503425, validation avg acc: 0.490453
Train 74, loss: 1.442907, train acc: 0.957465, train avg acc: 0.955500
Valdation 74, loss: 2.944711, validation acc: 0.373288, validation avg acc: 0.352016
Train 75, loss: 1.442969, train acc: 0.953993, train avg acc: 0.953096
Valdation 75, loss: 2.674491, validation acc: 0.476027, validation avg acc: 0.460632
Train 76, loss: 1.457977, train acc: 0.953125, train avg acc: 0.951090
Valdation 76, loss: 2.990239, validation acc: 0.359589, validation avg acc: 0.336016
Train 77, loss: 1.435713, train acc: 0.963542, train avg acc: 0.961615
Valdation 77, loss: 2.757543, validation acc: 0.452055, validation avg acc: 0.430296
Train 78, loss: 1.441639, train acc: 0.964410, train avg acc: 0.964367
Valdation 78, loss: 3.052010, validation acc: 0.431507, validation avg acc: 0.412773
Train 79, loss: 1.433547, train acc: 0.959201, train avg acc: 0.957731
Valdation 79, loss: 2.668771, validation acc: 0.455479, validation avg acc: 0.435434
Train 80, loss: 1.446973, train acc: 0.954861, train avg acc: 0.955087
Valdation 80, loss: 3.228200, validation acc: 0.359589, validation avg acc: 0.340777
Train 81, loss: 1.443671, train acc: 0.959201, train avg acc: 0.960199
Valdation 81, loss: 2.894899, validation acc: 0.438356, validation avg acc: 0.419238
Train 82, loss: 1.437407, train acc: 0.964410, train avg acc: 0.962220
Valdation 82, loss: 2.860060, validation acc: 0.445205, validation avg acc: 0.425107
Train 83, loss: 1.430986, train acc: 0.961806, train avg acc: 0.960036
Valdation 83, loss: 2.877328, validation acc: 0.431507, validation avg acc: 0.411912
Train 84, loss: 1.434551, train acc: 0.962674, train avg acc: 0.960968
Valdation 84, loss: 2.789264, validation acc: 0.431507, validation avg acc: 0.411477
Train 85, loss: 1.429072, train acc: 0.964410, train avg acc: 0.964004
Valdation 85, loss: 2.715984, validation acc: 0.486301, validation avg acc: 0.467124
Train 86, loss: 1.415936, train acc: 0.970486, train avg acc: 0.969960
Valdation 86, loss: 3.029309, validation acc: 0.366438, validation avg acc: 0.344366
Train 87, loss: 1.412805, train acc: 0.970486, train avg acc: 0.969973
Valdation 87, loss: 2.765688, validation acc: 0.476027, validation avg acc: 0.457857
Train 88, loss: 1.409563, train acc: 0.973958, train avg acc: 0.974490
Valdation 88, loss: 3.385980, validation acc: 0.277397, validation avg acc: 0.258416
Train 89, loss: 1.419377, train acc: 0.964410, train avg acc: 0.962496
Valdation 89, loss: 2.693318, validation acc: 0.489726, validation avg acc: 0.467806
Train 90, loss: 1.422591, train acc: 0.967882, train avg acc: 0.966300
Valdation 90, loss: 2.858473, validation acc: 0.393836, validation avg acc: 0.372910
Train 91, loss: 1.414172, train acc: 0.970486, train avg acc: 0.969059
Valdation 91, loss: 2.746615, validation acc: 0.486301, validation avg acc: 0.464071
Train 92, loss: 1.404176, train acc: 0.974826, train avg acc: 0.972273
Valdation 92, loss: 2.912432, validation acc: 0.404110, validation avg acc: 0.385591
Train 93, loss: 1.401980, train acc: 0.976562, train avg acc: 0.977674
Valdation 93, loss: 2.578247, validation acc: 0.503425, validation avg acc: 0.482961
Train 94, loss: 1.420628, train acc: 0.961806, train avg acc: 0.959691
Valdation 94, loss: 3.034957, validation acc: 0.386986, validation avg acc: 0.364978
Train 95, loss: 1.408305, train acc: 0.972222, train avg acc: 0.970590
Valdation 95, loss: 2.997707, validation acc: 0.414384, validation avg acc: 0.392406
Train 96, loss: 1.407815, train acc: 0.972222, train avg acc: 0.970913
Valdation 96, loss: 3.090085, validation acc: 0.407534, validation avg acc: 0.388465
Train 97, loss: 1.408243, train acc: 0.969618, train avg acc: 0.968454
Valdation 97, loss: 2.762889, validation acc: 0.472603, validation avg acc: 0.450965
Train 98, loss: 1.412347, train acc: 0.969618, train avg acc: 0.967664
Valdation 98, loss: 2.921766, validation acc: 0.414384, validation avg acc: 0.391897
Train 99, loss: 1.409754, train acc: 0.967014, train avg acc: 0.966030
Valdation 99, loss: 2.704958, validation acc: 0.506849, validation avg acc: 0.484619
Train 100, loss: 1.404002, train acc: 0.967882, train avg acc: 0.967065
Valdation 100, loss: 3.117677, validation acc: 0.363014, validation avg acc: 0.340411
Train 101, loss: 1.394757, train acc: 0.980035, train avg acc: 0.979884
Valdation 101, loss: 2.584217, validation acc: 0.530822, validation avg acc: 0.508669
Train 102, loss: 1.404937, train acc: 0.967014, train avg acc: 0.965265
Valdation 102, loss: 3.033367, validation acc: 0.383562, validation avg acc: 0.365069
Train 103, loss: 1.392669, train acc: 0.973090, train avg acc: 0.972980
Valdation 103, loss: 2.605669, validation acc: 0.503425, validation avg acc: 0.487519
Train 104, loss: 1.400811, train acc: 0.972222, train avg acc: 0.970201
Valdation 104, loss: 2.889076, validation acc: 0.455479, validation avg acc: 0.431081
Train 105, loss: 1.405817, train acc: 0.967014, train avg acc: 0.967335
Valdation 105, loss: 2.813964, validation acc: 0.404110, validation avg acc: 0.381410
Train 106, loss: 1.401156, train acc: 0.975694, train avg acc: 0.975796
Valdation 106, loss: 2.921802, validation acc: 0.445205, validation avg acc: 0.423563
Train 107, loss: 1.377299, train acc: 0.983507, train avg acc: 0.982963
Valdation 107, loss: 3.064286, validation acc: 0.376712, validation avg acc: 0.357405
Train 108, loss: 1.394694, train acc: 0.977431, train avg acc: 0.976972
Valdation 108, loss: 2.853405, validation acc: 0.421233, validation avg acc: 0.397853
Train 109, loss: 1.394691, train acc: 0.983507, train avg acc: 0.982924
Valdation 109, loss: 2.958349, validation acc: 0.390411, validation avg acc: 0.374954
Train 110, loss: 1.381812, train acc: 0.981771, train avg acc: 0.982187
Valdation 110, loss: 2.825377, validation acc: 0.448630, validation avg acc: 0.426514
Train 111, loss: 1.381735, train acc: 0.980903, train avg acc: 0.980620
Valdation 111, loss: 2.874316, validation acc: 0.465753, validation avg acc: 0.442221
Train 112, loss: 1.394592, train acc: 0.979167, train avg acc: 0.978919
Valdation 112, loss: 2.595727, validation acc: 0.520548, validation avg acc: 0.503295
Train 113, loss: 1.388772, train acc: 0.975694, train avg acc: 0.974698
Valdation 113, loss: 2.859083, validation acc: 0.455479, validation avg acc: 0.432596
Train 114, loss: 1.375511, train acc: 0.981771, train avg acc: 0.981517
Valdation 114, loss: 2.817486, validation acc: 0.469178, validation avg acc: 0.446167
Train 115, loss: 1.380416, train acc: 0.983507, train avg acc: 0.982622
Valdation 115, loss: 2.916779, validation acc: 0.417808, validation avg acc: 0.399480
Train 116, loss: 1.385427, train acc: 0.976562, train avg acc: 0.976220
Valdation 116, loss: 2.830409, validation acc: 0.455479, validation avg acc: 0.434466
Train 117, loss: 1.373388, train acc: 0.982639, train avg acc: 0.982878
Valdation 117, loss: 2.832470, validation acc: 0.438356, validation avg acc: 0.417673
Train 118, loss: 1.378971, train acc: 0.980903, train avg acc: 0.979757
Valdation 118, loss: 2.811532, validation acc: 0.424658, validation avg acc: 0.406493
Train 119, loss: 1.388271, train acc: 0.973090, train avg acc: 0.973096
Valdation 119, loss: 2.771891, validation acc: 0.458904, validation avg acc: 0.438189
Train 120, loss: 1.367819, train acc: 0.981771, train avg acc: 0.981528
Valdation 120, loss: 2.790710, validation acc: 0.445205, validation avg acc: 0.424403
Train 121, loss: 1.380841, train acc: 0.982639, train avg acc: 0.982604
Valdation 121, loss: 2.845965, validation acc: 0.434932, validation avg acc: 0.414454
Train 122, loss: 1.374461, train acc: 0.980035, train avg acc: 0.979799
Valdation 122, loss: 2.929084, validation acc: 0.431507, validation avg acc: 0.411613
Train 123, loss: 1.374314, train acc: 0.983507, train avg acc: 0.983633
Valdation 123, loss: 2.846922, validation acc: 0.428082, validation avg acc: 0.405741
Train 124, loss: 1.371695, train acc: 0.978299, train avg acc: 0.977907
Valdation 124, loss: 2.882078, validation acc: 0.424658, validation avg acc: 0.405731
Train 125, loss: 1.376006, train acc: 0.986111, train avg acc: 0.986172
Valdation 125, loss: 2.971939, validation acc: 0.448630, validation avg acc: 0.426412
Train 126, loss: 1.369081, train acc: 0.984375, train avg acc: 0.984326
Valdation 126, loss: 2.698109, validation acc: 0.465753, validation avg acc: 0.446011
Train 127, loss: 1.370501, train acc: 0.988715, train avg acc: 0.988833
Valdation 127, loss: 3.012690, validation acc: 0.414384, validation avg acc: 0.393152
Train 128, loss: 1.363831, train acc: 0.987847, train avg acc: 0.988377
Valdation 128, loss: 2.857402, validation acc: 0.431507, validation avg acc: 0.410660
Train 129, loss: 1.371424, train acc: 0.985243, train avg acc: 0.985582
Valdation 129, loss: 2.684908, validation acc: 0.479452, validation avg acc: 0.458082
Train 130, loss: 1.373987, train acc: 0.977431, train avg acc: 0.976627
Valdation 130, loss: 2.993449, validation acc: 0.417808, validation avg acc: 0.394863
Train 131, loss: 1.365509, train acc: 0.986111, train avg acc: 0.985942
Valdation 131, loss: 2.914644, validation acc: 0.414384, validation avg acc: 0.393867
Train 132, loss: 1.373189, train acc: 0.977431, train avg acc: 0.977673
Valdation 132, loss: 2.684608, validation acc: 0.503425, validation avg acc: 0.484300
Train 133, loss: 1.369418, train acc: 0.981771, train avg acc: 0.980989
Valdation 133, loss: 2.956361, validation acc: 0.417808, validation avg acc: 0.395996
Train 134, loss: 1.369241, train acc: 0.979167, train avg acc: 0.978584
Valdation 134, loss: 2.773184, validation acc: 0.438356, validation avg acc: 0.415011
Train 135, loss: 1.367822, train acc: 0.981771, train avg acc: 0.981316
Valdation 135, loss: 2.841887, validation acc: 0.452055, validation avg acc: 0.432910
Train 136, loss: 1.370945, train acc: 0.984375, train avg acc: 0.983799
Valdation 136, loss: 2.890139, validation acc: 0.434932, validation avg acc: 0.412465
Train 137, loss: 1.364644, train acc: 0.986979, train avg acc: 0.986514
Valdation 137, loss: 2.872621, validation acc: 0.424658, validation avg acc: 0.402655
Train 138, loss: 1.354166, train acc: 0.984375, train avg acc: 0.984531
Valdation 138, loss: 2.822256, validation acc: 0.458904, validation avg acc: 0.439178
Train 139, loss: 1.353264, train acc: 0.986979, train avg acc: 0.986985
Valdation 139, loss: 2.768378, validation acc: 0.489726, validation avg acc: 0.468520
Train 140, loss: 1.370048, train acc: 0.980903, train avg acc: 0.980793
Valdation 140, loss: 2.696580, validation acc: 0.479452, validation avg acc: 0.457858
Train 141, loss: 1.348530, train acc: 0.992188, train avg acc: 0.992106
Valdation 141, loss: 2.841173, validation acc: 0.448630, validation avg acc: 0.427311
Train 142, loss: 1.364972, train acc: 0.984375, train avg acc: 0.984524
Valdation 142, loss: 2.747174, validation acc: 0.469178, validation avg acc: 0.448961
Train 143, loss: 1.360394, train acc: 0.985243, train avg acc: 0.983813
Valdation 143, loss: 2.877361, validation acc: 0.431507, validation avg acc: 0.408833
Train 144, loss: 1.355159, train acc: 0.987847, train avg acc: 0.987833
Valdation 144, loss: 2.825901, validation acc: 0.445205, validation avg acc: 0.425242
Train 145, loss: 1.348793, train acc: 0.987847, train avg acc: 0.987542
Valdation 145, loss: 2.852110, validation acc: 0.441781, validation avg acc: 0.423293
Train 146, loss: 1.354076, train acc: 0.988715, train avg acc: 0.989169
Valdation 146, loss: 3.015884, validation acc: 0.414384, validation avg acc: 0.393377
Train 147, loss: 1.354406, train acc: 0.986979, train avg acc: 0.986725
Valdation 147, loss: 2.878629, validation acc: 0.445205, validation avg acc: 0.422740
Train 148, loss: 1.355839, train acc: 0.986979, train avg acc: 0.986704
Valdation 148, loss: 2.776694, validation acc: 0.476027, validation avg acc: 0.452788
Train 149, loss: 1.359585, train acc: 0.988715, train avg acc: 0.988520
Valdation 149, loss: 2.816202, validation acc: 0.469178, validation avg acc: 0.449955
Train 150, loss: 1.355929, train acc: 0.986111, train avg acc: 0.985147
Valdation 150, loss: 2.889712, validation acc: 0.458904, validation avg acc: 0.435470
Train 151, loss: 1.346874, train acc: 0.988715, train avg acc: 0.989205
Valdation 151, loss: 2.813597, validation acc: 0.462329, validation avg acc: 0.442622
Train 152, loss: 1.354711, train acc: 0.986111, train avg acc: 0.986014
Valdation 152, loss: 2.791644, validation acc: 0.462329, validation avg acc: 0.442726
Train 153, loss: 1.345654, train acc: 0.992188, train avg acc: 0.992244
Valdation 153, loss: 2.873770, validation acc: 0.448630, validation avg acc: 0.427431
Train 154, loss: 1.349897, train acc: 0.986111, train avg acc: 0.986481
Valdation 154, loss: 2.822481, validation acc: 0.472603, validation avg acc: 0.451625
Train 155, loss: 1.345682, train acc: 0.988715, train avg acc: 0.988605
Valdation 155, loss: 2.928177, validation acc: 0.434932, validation avg acc: 0.413235
Train 156, loss: 1.349287, train acc: 0.986111, train avg acc: 0.986819
Valdation 156, loss: 2.718506, validation acc: 0.496575, validation avg acc: 0.476792
Train 157, loss: 1.352669, train acc: 0.987847, train avg acc: 0.987899
Valdation 157, loss: 2.848861, validation acc: 0.462329, validation avg acc: 0.442149
Train 158, loss: 1.349823, train acc: 0.987847, train avg acc: 0.987949
Valdation 158, loss: 2.715392, validation acc: 0.496575, validation avg acc: 0.474918
Train 159, loss: 1.351274, train acc: 0.986979, train avg acc: 0.986121
Valdation 159, loss: 2.965164, validation acc: 0.400685, validation avg acc: 0.378197
Train 160, loss: 1.350009, train acc: 0.987847, train avg acc: 0.987937
Valdation 160, loss: 2.928630, validation acc: 0.410959, validation avg acc: 0.391166
Train 161, loss: 1.356195, train acc: 0.980903, train avg acc: 0.980532
Valdation 161, loss: 2.797481, validation acc: 0.479452, validation avg acc: 0.458852
Train 162, loss: 1.352084, train acc: 0.986111, train avg acc: 0.985783
Valdation 162, loss: 2.844076, validation acc: 0.472603, validation avg acc: 0.450646
Train 163, loss: 1.348832, train acc: 0.988715, train avg acc: 0.988894
Valdation 163, loss: 2.911854, validation acc: 0.452055, validation avg acc: 0.432475
Train 164, loss: 1.344153, train acc: 0.988715, train avg acc: 0.988629
Valdation 164, loss: 2.774985, validation acc: 0.458904, validation avg acc: 0.438796
Train 165, loss: 1.348865, train acc: 0.987847, train avg acc: 0.987740
Valdation 165, loss: 2.853466, validation acc: 0.448630, validation avg acc: 0.428523
Train 166, loss: 1.349800, train acc: 0.987847, train avg acc: 0.988311
Valdation 166, loss: 3.048550, validation acc: 0.393836, validation avg acc: 0.374396
Train 167, loss: 1.348270, train acc: 0.986979, train avg acc: 0.986207
Valdation 167, loss: 2.830330, validation acc: 0.445205, validation avg acc: 0.424652
Train 168, loss: 1.348746, train acc: 0.989583, train avg acc: 0.989179
Valdation 168, loss: 2.839148, validation acc: 0.458904, validation avg acc: 0.439721
Train 169, loss: 1.344844, train acc: 0.984375, train avg acc: 0.984309
Valdation 169, loss: 2.856242, validation acc: 0.445205, validation avg acc: 0.424600
Train 170, loss: 1.348850, train acc: 0.989583, train avg acc: 0.989263
Valdation 170, loss: 2.928126, validation acc: 0.441781, validation avg acc: 0.420910
Train 171, loss: 1.343683, train acc: 0.990451, train avg acc: 0.990145
Valdation 171, loss: 2.858147, validation acc: 0.472603, validation avg acc: 0.453617
Train 172, loss: 1.340284, train acc: 0.988715, train avg acc: 0.989074
Valdation 172, loss: 2.800952, validation acc: 0.455479, validation avg acc: 0.434945
Train 173, loss: 1.350665, train acc: 0.987847, train avg acc: 0.987777
Valdation 173, loss: 2.955067, validation acc: 0.434932, validation avg acc: 0.413544
Train 174, loss: 1.343476, train acc: 0.988715, train avg acc: 0.989327
Valdation 174, loss: 2.848075, validation acc: 0.462329, validation avg acc: 0.441734
Train 175, loss: 1.345646, train acc: 0.991319, train avg acc: 0.991593
Valdation 175, loss: 2.836165, validation acc: 0.452055, validation avg acc: 0.432397
Train 176, loss: 1.344820, train acc: 0.988715, train avg acc: 0.988782
Valdation 176, loss: 2.765969, validation acc: 0.465753, validation avg acc: 0.444771
Train 177, loss: 1.345132, train acc: 0.989583, train avg acc: 0.990015
Valdation 177, loss: 2.851029, validation acc: 0.438356, validation avg acc: 0.415788
Train 178, loss: 1.354959, train acc: 0.986979, train avg acc: 0.986844
Valdation 178, loss: 2.874572, validation acc: 0.455479, validation avg acc: 0.436276
Train 179, loss: 1.348113, train acc: 0.988715, train avg acc: 0.988724
Valdation 179, loss: 2.887351, validation acc: 0.438356, validation avg acc: 0.418873
Train 180, loss: 1.339033, train acc: 0.988715, train avg acc: 0.988340
Valdation 180, loss: 2.858535, validation acc: 0.455479, validation avg acc: 0.433634
Train 181, loss: 1.346232, train acc: 0.987847, train avg acc: 0.987813
Valdation 181, loss: 2.791725, validation acc: 0.462329, validation avg acc: 0.438991
Train 182, loss: 1.338187, train acc: 0.990451, train avg acc: 0.989684
Valdation 182, loss: 2.826817, validation acc: 0.448630, validation avg acc: 0.428295
Train 183, loss: 1.340362, train acc: 0.988715, train avg acc: 0.988737
Valdation 183, loss: 2.874224, validation acc: 0.431507, validation avg acc: 0.409573
Train 184, loss: 1.338312, train acc: 0.989583, train avg acc: 0.989736
Valdation 184, loss: 2.790368, validation acc: 0.445205, validation avg acc: 0.425190
Train 185, loss: 1.341152, train acc: 0.988715, train avg acc: 0.988415
Valdation 185, loss: 2.771173, validation acc: 0.448630, validation avg acc: 0.428703
Train 186, loss: 1.340894, train acc: 0.986979, train avg acc: 0.987047
Valdation 186, loss: 2.865420, validation acc: 0.448630, validation avg acc: 0.427711
Train 187, loss: 1.337696, train acc: 0.988715, train avg acc: 0.988669
Valdation 187, loss: 2.889037, validation acc: 0.434932, validation avg acc: 0.414045
Train 188, loss: 1.347195, train acc: 0.986979, train avg acc: 0.987365
Valdation 188, loss: 2.842446, validation acc: 0.438356, validation avg acc: 0.418924
Train 189, loss: 1.337249, train acc: 0.993056, train avg acc: 0.993330
Valdation 189, loss: 2.870567, validation acc: 0.421233, validation avg acc: 0.401442
Train 190, loss: 1.342755, train acc: 0.988715, train avg acc: 0.988970
Valdation 190, loss: 2.833955, validation acc: 0.434932, validation avg acc: 0.413317
Train 191, loss: 1.342168, train acc: 0.988715, train avg acc: 0.988291
Valdation 191, loss: 2.720140, validation acc: 0.482877, validation avg acc: 0.463527
Train 192, loss: 1.336847, train acc: 0.987847, train avg acc: 0.987832
Valdation 192, loss: 2.744541, validation acc: 0.479452, validation avg acc: 0.460059
Train 193, loss: 1.334948, train acc: 0.987847, train avg acc: 0.987993
Valdation 193, loss: 2.829939, validation acc: 0.424658, validation avg acc: 0.404287
Train 194, loss: 1.330514, train acc: 0.990451, train avg acc: 0.989965
Valdation 194, loss: 2.731172, validation acc: 0.472603, validation avg acc: 0.451207
Train 195, loss: 1.335209, train acc: 0.991319, train avg acc: 0.991463
Valdation 195, loss: 2.801872, validation acc: 0.441781, validation avg acc: 0.420634
Train 196, loss: 1.337865, train acc: 0.990451, train avg acc: 0.990309
Valdation 196, loss: 2.810208, validation acc: 0.452055, validation avg acc: 0.430868
Train 197, loss: 1.334987, train acc: 0.992188, train avg acc: 0.992338
Valdation 197, loss: 2.839250, validation acc: 0.441781, validation avg acc: 0.420287
Train 198, loss: 1.336490, train acc: 0.986979, train avg acc: 0.987020
Valdation 198, loss: 2.762697, validation acc: 0.448630, validation avg acc: 0.428324
Train 199, loss: 1.341926, train acc: 0.991319, train avg acc: 0.991653
Valdation 199, loss: 2.750487, validation acc: 0.455479, validation avg acc: 0.434800
Train 200, loss: 1.342217, train acc: 0.991319, train avg acc: 0.991453
Valdation 200, loss: 2.795259, validation acc: 0.462329, validation avg acc: 0.439316
Train 201, loss: 1.342632, train acc: 0.986111, train avg acc: 0.985968
Valdation 201, loss: 2.752556, validation acc: 0.455479, validation avg acc: 0.434600
Train 202, loss: 1.334579, train acc: 0.992188, train avg acc: 0.992041
Valdation 202, loss: 2.810162, validation acc: 0.438356, validation avg acc: 0.417028
Train 203, loss: 1.333059, train acc: 0.993924, train avg acc: 0.994286
Valdation 203, loss: 2.769589, validation acc: 0.445205, validation avg acc: 0.424742
Train 204, loss: 1.331989, train acc: 0.992188, train avg acc: 0.992374
Valdation 204, loss: 2.844871, validation acc: 0.438356, validation avg acc: 0.417894
Train 205, loss: 1.333651, train acc: 0.991319, train avg acc: 0.991281
Valdation 205, loss: 2.800824, validation acc: 0.455479, validation avg acc: 0.433651
Train 206, loss: 1.329334, train acc: 0.991319, train avg acc: 0.991102
Valdation 206, loss: 2.794292, validation acc: 0.448630, validation avg acc: 0.427104
Train 207, loss: 1.333979, train acc: 0.989583, train avg acc: 0.989656
Valdation 207, loss: 2.867497, validation acc: 0.434932, validation avg acc: 0.413107
Train 208, loss: 1.339758, train acc: 0.988715, train avg acc: 0.989031
Valdation 208, loss: 2.841444, validation acc: 0.434932, validation avg acc: 0.412749
Train 209, loss: 1.340341, train acc: 0.989583, train avg acc: 0.989534
Valdation 209, loss: 2.812273, validation acc: 0.452055, validation avg acc: 0.431953
Train 210, loss: 1.338540, train acc: 0.989583, train avg acc: 0.989706
Valdation 210, loss: 2.742912, validation acc: 0.472603, validation avg acc: 0.453232
Train 211, loss: 1.339025, train acc: 0.990451, train avg acc: 0.990191
Valdation 211, loss: 2.814811, validation acc: 0.445205, validation avg acc: 0.423669
Train 212, loss: 1.336762, train acc: 0.991319, train avg acc: 0.991179
Valdation 212, loss: 2.905277, validation acc: 0.431507, validation avg acc: 0.409326
Train 213, loss: 1.341250, train acc: 0.987847, train avg acc: 0.988029
Valdation 213, loss: 2.784735, validation acc: 0.455479, validation avg acc: 0.434471
Train 214, loss: 1.330138, train acc: 0.994792, train avg acc: 0.995133
Valdation 214, loss: 2.732392, validation acc: 0.469178, validation avg acc: 0.448201
Train 215, loss: 1.341822, train acc: 0.985243, train avg acc: 0.985196
Valdation 215, loss: 2.754188, validation acc: 0.462329, validation avg acc: 0.441802
Train 216, loss: 1.329788, train acc: 0.993924, train avg acc: 0.993876
Valdation 216, loss: 2.838976, validation acc: 0.438356, validation avg acc: 0.417469
Train 217, loss: 1.329406, train acc: 0.990451, train avg acc: 0.990680
Valdation 217, loss: 2.794830, validation acc: 0.455479, validation avg acc: 0.434146
Train 218, loss: 1.336339, train acc: 0.993056, train avg acc: 0.993195
Valdation 218, loss: 2.793486, validation acc: 0.452055, validation avg acc: 0.431289
Train 219, loss: 1.339897, train acc: 0.990451, train avg acc: 0.990194
Valdation 219, loss: 2.775300, validation acc: 0.458904, validation avg acc: 0.437469
Train 220, loss: 1.331995, train acc: 0.991319, train avg acc: 0.991442
Valdation 220, loss: 2.752755, validation acc: 0.462329, validation avg acc: 0.442131
Train 221, loss: 1.339295, train acc: 0.987847, train avg acc: 0.987532
Valdation 221, loss: 2.786233, validation acc: 0.455479, validation avg acc: 0.434146
Train 222, loss: 1.336535, train acc: 0.993056, train avg acc: 0.993280
Valdation 222, loss: 2.821353, validation acc: 0.455479, validation avg acc: 0.434146
Train 223, loss: 1.343010, train acc: 0.991319, train avg acc: 0.991549
Valdation 223, loss: 2.783566, validation acc: 0.458904, validation avg acc: 0.437252
Train 224, loss: 1.335607, train acc: 0.989583, train avg acc: 0.989699
Valdation 224, loss: 2.762017, validation acc: 0.465753, validation avg acc: 0.444771
Train 225, loss: 1.341342, train acc: 0.988715, train avg acc: 0.989075
Valdation 225, loss: 2.842364, validation acc: 0.431507, validation avg acc: 0.411170
Train 226, loss: 1.340453, train acc: 0.985243, train avg acc: 0.984680
Valdation 226, loss: 2.803419, validation acc: 0.438356, validation avg acc: 0.417428
Train 227, loss: 1.329715, train acc: 0.989583, train avg acc: 0.989240
Valdation 227, loss: 2.797576, validation acc: 0.452055, validation avg acc: 0.431885
Train 228, loss: 1.329477, train acc: 0.991319, train avg acc: 0.991730
Valdation 228, loss: 2.800461, validation acc: 0.455479, validation avg acc: 0.434861
Train 229, loss: 1.332068, train acc: 0.991319, train avg acc: 0.991203
Valdation 229, loss: 2.768056, validation acc: 0.458904, validation avg acc: 0.437123
Train 230, loss: 1.334494, train acc: 0.992188, train avg acc: 0.992531
Valdation 230, loss: 2.796678, validation acc: 0.458904, validation avg acc: 0.438025
Train 231, loss: 1.337919, train acc: 0.990451, train avg acc: 0.990931
Valdation 231, loss: 2.758514, validation acc: 0.469178, validation avg acc: 0.449403
Train 232, loss: 1.331951, train acc: 0.992188, train avg acc: 0.992550
Valdation 232, loss: 2.796544, validation acc: 0.458904, validation avg acc: 0.439014
Train 233, loss: 1.329997, train acc: 0.994792, train avg acc: 0.995173
Valdation 233, loss: 2.742816, validation acc: 0.472603, validation avg acc: 0.451784
Train 234, loss: 1.333280, train acc: 0.990451, train avg acc: 0.990859
Valdation 234, loss: 2.773498, validation acc: 0.462329, validation avg acc: 0.441531
Train 235, loss: 1.332686, train acc: 0.990451, train avg acc: 0.990780
Valdation 235, loss: 2.774509, validation acc: 0.462329, validation avg acc: 0.442072
Train 236, loss: 1.338015, train acc: 0.993056, train avg acc: 0.993400
Valdation 236, loss: 2.775892, validation acc: 0.455479, validation avg acc: 0.435644
Train 237, loss: 1.333327, train acc: 0.993056, train avg acc: 0.993408
Valdation 237, loss: 2.792399, validation acc: 0.448630, validation avg acc: 0.428707
Train 238, loss: 1.332395, train acc: 0.994792, train avg acc: 0.995030
Valdation 238, loss: 2.785159, validation acc: 0.452055, validation avg acc: 0.432278
Train 239, loss: 1.330134, train acc: 0.993056, train avg acc: 0.992723
Valdation 239, loss: 2.778960, validation acc: 0.452055, validation avg acc: 0.432090
Train 240, loss: 1.334369, train acc: 0.993924, train avg acc: 0.993908
Valdation 240, loss: 2.789578, validation acc: 0.458904, validation avg acc: 0.438501
Train 241, loss: 1.333966, train acc: 0.992188, train avg acc: 0.992260
Valdation 241, loss: 2.785881, validation acc: 0.452055, validation avg acc: 0.431683
Train 242, loss: 1.325818, train acc: 0.993924, train avg acc: 0.994184
Valdation 242, loss: 2.773242, validation acc: 0.465753, validation avg acc: 0.443858
Train 243, loss: 1.334148, train acc: 0.993056, train avg acc: 0.993439
Valdation 243, loss: 2.784859, validation acc: 0.445205, validation avg acc: 0.424104
Train 244, loss: 1.327416, train acc: 0.993056, train avg acc: 0.993150
Valdation 244, loss: 2.787620, validation acc: 0.455479, validation avg acc: 0.435561
Train 245, loss: 1.335086, train acc: 0.989583, train avg acc: 0.990192
Valdation 245, loss: 2.791623, validation acc: 0.448630, validation avg acc: 0.427923
Train 246, loss: 1.339318, train acc: 0.992188, train avg acc: 0.992407
Valdation 246, loss: 2.779350, validation acc: 0.448630, validation avg acc: 0.427735
Train 247, loss: 1.340306, train acc: 0.990451, train avg acc: 0.990475
Valdation 247, loss: 2.753956, validation acc: 0.455479, validation avg acc: 0.434778
Train 248, loss: 1.326938, train acc: 0.993056, train avg acc: 0.992919
Valdation 248, loss: 2.764725, validation acc: 0.455479, validation avg acc: 0.435781
Train 249, loss: 1.329890, train acc: 0.989583, train avg acc: 0.989563
Valdation 249, loss: 2.746908, validation acc: 0.455479, validation avg acc: 0.435644
