Namespace(exp_name='exp', model='dgcnn', dataset='nagoya_dataset', batch_size=256, test_batch_size=256, epochs=250, use_sgd=True, lr=0.001, momentum=0.9, no_cuda=False, seed=1, eval=False, num_points=2048, dropout=0.5, emb_dims=1024, k=20, model_path='')
Using GPU : 0 from 2 devices
Namespace(exp_name='exp', model='dgcnn', dataset='nagoya_dataset', batch_size=256, test_batch_size=256, epochs=250, use_sgd=True, lr=0.001, momentum=0.9, no_cuda=False, seed=1, eval=False, num_points=2048, dropout=0.5, emb_dims=1024, k=20, model_path='')
Using GPU : 0 from 2 devices
Namespace(exp_name='exp', model='dgcnn', dataset='nagoya_dataset', batch_size=128, test_batch_size=128, epochs=250, use_sgd=True, lr=0.001, momentum=0.9, no_cuda=False, seed=1, eval=False, num_points=2048, dropout=0.5, emb_dims=1024, k=20, model_path='')
Using GPU : 0 from 2 devices
Namespace(exp_name='exp', model='dgcnn', dataset='nagoya_dataset', batch_size=128, test_batch_size=128, epochs=250, use_sgd=True, lr=0.001, momentum=0.9, no_cuda=False, seed=1, eval=False, num_points=1024, dropout=0.5, emb_dims=1024, k=20, model_path='')
Using GPU : 0 from 2 devices
Train 0, loss: 3.187735, train acc: 0.202257, train avg acc: 0.196805
Valdation 0, loss: 4.352219, validation acc: 0.065068, validation avg acc: 0.071429
Train 1, loss: 2.781819, train acc: 0.313368, train avg acc: 0.308751
Valdation 1, loss: 5.112522, validation acc: 0.054795, validation avg acc: 0.071429
Train 2, loss: 2.568107, train acc: 0.398438, train avg acc: 0.394356
Valdation 2, loss: 5.134979, validation acc: 0.075342, validation avg acc: 0.071429
Train 3, loss: 2.426121, train acc: 0.466146, train avg acc: 0.461107
Valdation 3, loss: 5.629580, validation acc: 0.082192, validation avg acc: 0.071429
Train 4, loss: 2.317091, train acc: 0.502604, train avg acc: 0.497159
Valdation 4, loss: 5.937020, validation acc: 0.054795, validation avg acc: 0.071429
Train 5, loss: 2.167596, train acc: 0.581597, train avg acc: 0.578733
Valdation 5, loss: 6.007182, validation acc: 0.082192, validation avg acc: 0.071429
Train 6, loss: 2.102698, train acc: 0.635417, train avg acc: 0.627456
Valdation 6, loss: 5.235404, validation acc: 0.082192, validation avg acc: 0.071429
Train 7, loss: 2.071827, train acc: 0.645833, train avg acc: 0.638146
Valdation 7, loss: 4.075475, validation acc: 0.099315, validation avg acc: 0.100244
Train 8, loss: 1.975266, train acc: 0.690104, train avg acc: 0.685688
Valdation 8, loss: 3.098926, validation acc: 0.246575, validation avg acc: 0.232643
Train 9, loss: 1.932762, train acc: 0.719618, train avg acc: 0.712850
Valdation 9, loss: 3.116712, validation acc: 0.202055, validation avg acc: 0.206039
Train 10, loss: 1.891682, train acc: 0.754340, train avg acc: 0.749078
Valdation 10, loss: 2.441448, validation acc: 0.472603, validation avg acc: 0.465082
Train 11, loss: 1.839873, train acc: 0.782986, train avg acc: 0.777283
Valdation 11, loss: 2.156940, validation acc: 0.602740, validation avg acc: 0.600123
Train 12, loss: 1.807146, train acc: 0.804688, train avg acc: 0.800396
Valdation 12, loss: 2.142534, validation acc: 0.684932, validation avg acc: 0.679092
Train 13, loss: 1.742615, train acc: 0.841146, train avg acc: 0.834093
Valdation 13, loss: 2.023595, validation acc: 0.691781, validation avg acc: 0.690998
Train 14, loss: 1.726775, train acc: 0.839410, train avg acc: 0.834841
Valdation 14, loss: 2.436374, validation acc: 0.513699, validation avg acc: 0.515764
Train 15, loss: 1.707936, train acc: 0.835938, train avg acc: 0.832472
Valdation 15, loss: 2.120927, validation acc: 0.650685, validation avg acc: 0.649796
Train 16, loss: 1.716646, train acc: 0.850694, train avg acc: 0.845231
Valdation 16, loss: 2.016234, validation acc: 0.695205, validation avg acc: 0.686229
Train 17, loss: 1.629799, train acc: 0.894965, train avg acc: 0.893005
Valdation 17, loss: 2.176041, validation acc: 0.578767, validation avg acc: 0.555661
Train 18, loss: 1.629753, train acc: 0.887153, train avg acc: 0.882836
Valdation 18, loss: 1.991064, validation acc: 0.729452, validation avg acc: 0.726356
Train 19, loss: 1.592056, train acc: 0.910590, train avg acc: 0.906588
Valdation 19, loss: 1.975920, validation acc: 0.763699, validation avg acc: 0.767915
Train 20, loss: 1.575626, train acc: 0.921007, train avg acc: 0.917581
Valdation 20, loss: 1.844368, validation acc: 0.797945, validation avg acc: 0.792318
Train 21, loss: 1.562625, train acc: 0.917535, train avg acc: 0.914750
Valdation 21, loss: 1.879078, validation acc: 0.770548, validation avg acc: 0.765128
Train 22, loss: 1.545493, train acc: 0.931424, train avg acc: 0.928313
Valdation 22, loss: 2.152450, validation acc: 0.633562, validation avg acc: 0.639980
Train 23, loss: 1.530841, train acc: 0.940972, train avg acc: 0.937917
Valdation 23, loss: 1.874418, validation acc: 0.763699, validation avg acc: 0.768846
Train 24, loss: 1.535328, train acc: 0.941840, train avg acc: 0.938665
Valdation 24, loss: 2.108144, validation acc: 0.695205, validation avg acc: 0.693334
Train 25, loss: 1.514666, train acc: 0.935764, train avg acc: 0.933657
Valdation 25, loss: 2.144041, validation acc: 0.602740, validation avg acc: 0.583241
Train 26, loss: 1.493941, train acc: 0.951389, train avg acc: 0.949730
Valdation 26, loss: 1.811309, validation acc: 0.804795, validation avg acc: 0.807676
Train 27, loss: 1.492283, train acc: 0.953125, train avg acc: 0.951417
Valdation 27, loss: 1.878540, validation acc: 0.770548, validation avg acc: 0.773305
Train 28, loss: 1.473037, train acc: 0.953125, train avg acc: 0.952312
Valdation 28, loss: 1.856746, validation acc: 0.780822, validation avg acc: 0.783198
Train 29, loss: 1.460154, train acc: 0.967014, train avg acc: 0.965286
Valdation 29, loss: 1.907514, validation acc: 0.791096, validation avg acc: 0.783907
Train 30, loss: 1.453037, train acc: 0.967014, train avg acc: 0.966208
Valdation 30, loss: 1.931488, validation acc: 0.732877, validation avg acc: 0.735759
Train 31, loss: 1.451820, train acc: 0.970486, train avg acc: 0.968497
Valdation 31, loss: 1.936213, validation acc: 0.715753, validation avg acc: 0.718684
Train 32, loss: 1.439273, train acc: 0.969618, train avg acc: 0.969529
Valdation 32, loss: 1.747492, validation acc: 0.811644, validation avg acc: 0.805878
Train 33, loss: 1.435016, train acc: 0.970486, train avg acc: 0.968402
Valdation 33, loss: 1.848753, validation acc: 0.818493, validation avg acc: 0.814070
Train 34, loss: 1.435547, train acc: 0.976562, train avg acc: 0.976158
Valdation 34, loss: 2.217681, validation acc: 0.599315, validation avg acc: 0.603288
Train 35, loss: 1.436837, train acc: 0.973090, train avg acc: 0.972598
Valdation 35, loss: 1.832715, validation acc: 0.777397, validation avg acc: 0.781330
Train 36, loss: 1.432438, train acc: 0.972222, train avg acc: 0.971108
Valdation 36, loss: 1.847798, validation acc: 0.784247, validation avg acc: 0.775980
Train 37, loss: 1.426114, train acc: 0.977431, train avg acc: 0.977678
Valdation 37, loss: 2.046800, validation acc: 0.695205, validation avg acc: 0.678873
Train 38, loss: 1.429000, train acc: 0.973958, train avg acc: 0.972713
Valdation 38, loss: 1.942377, validation acc: 0.746575, validation avg acc: 0.737569
Train 39, loss: 1.423687, train acc: 0.973958, train avg acc: 0.972822
Valdation 39, loss: 1.868963, validation acc: 0.763699, validation avg acc: 0.759281
Train 40, loss: 1.409734, train acc: 0.983507, train avg acc: 0.984183
Valdation 40, loss: 1.842727, validation acc: 0.804795, validation avg acc: 0.802861
Train 41, loss: 1.396760, train acc: 0.988715, train avg acc: 0.988798
Valdation 41, loss: 1.754890, validation acc: 0.804795, validation avg acc: 0.809656
Train 42, loss: 1.394308, train acc: 0.984375, train avg acc: 0.984394
Valdation 42, loss: 1.885618, validation acc: 0.756849, validation avg acc: 0.763861
Train 43, loss: 1.391004, train acc: 0.984375, train avg acc: 0.984101
Valdation 43, loss: 1.931183, validation acc: 0.729452, validation avg acc: 0.710505
Train 44, loss: 1.403182, train acc: 0.978299, train avg acc: 0.978184
Valdation 44, loss: 1.830639, validation acc: 0.756849, validation avg acc: 0.748081
Train 45, loss: 1.399168, train acc: 0.980035, train avg acc: 0.980459
Valdation 45, loss: 1.752828, validation acc: 0.797945, validation avg acc: 0.798693
Train 46, loss: 1.369937, train acc: 0.991319, train avg acc: 0.991432
Valdation 46, loss: 1.793039, validation acc: 0.825342, validation avg acc: 0.821174
Train 47, loss: 1.377450, train acc: 0.986979, train avg acc: 0.987401
Valdation 47, loss: 1.814344, validation acc: 0.794521, validation avg acc: 0.791352
Train 48, loss: 1.380814, train acc: 0.986979, train avg acc: 0.986704
Valdation 48, loss: 1.905680, validation acc: 0.763699, validation avg acc: 0.769247
Train 49, loss: 1.375870, train acc: 0.990451, train avg acc: 0.990947
Valdation 49, loss: 1.805014, validation acc: 0.797945, validation avg acc: 0.798058
Train 50, loss: 1.361589, train acc: 0.990451, train avg acc: 0.990975
Valdation 50, loss: 2.030040, validation acc: 0.688356, validation avg acc: 0.692050
Train 51, loss: 1.373340, train acc: 0.983507, train avg acc: 0.983254
Valdation 51, loss: 1.845460, validation acc: 0.722603, validation avg acc: 0.708741
Train 52, loss: 1.366725, train acc: 0.989583, train avg acc: 0.989557
Valdation 52, loss: 1.721309, validation acc: 0.842466, validation avg acc: 0.840803
Train 53, loss: 1.368843, train acc: 0.989583, train avg acc: 0.990151
Valdation 53, loss: 1.774594, validation acc: 0.808219, validation avg acc: 0.803504
Train 54, loss: 1.356361, train acc: 0.993056, train avg acc: 0.993154
Valdation 54, loss: 1.758503, validation acc: 0.835616, validation avg acc: 0.830372
Train 55, loss: 1.356963, train acc: 0.993056, train avg acc: 0.993490
Valdation 55, loss: 1.698924, validation acc: 0.828767, validation avg acc: 0.826341
Train 56, loss: 1.351402, train acc: 0.992188, train avg acc: 0.992717
Valdation 56, loss: 1.729693, validation acc: 0.825342, validation avg acc: 0.819469
Train 57, loss: 1.356903, train acc: 0.991319, train avg acc: 0.992015
Valdation 57, loss: 1.737492, validation acc: 0.804795, validation avg acc: 0.798313
Train 58, loss: 1.356249, train acc: 0.990451, train avg acc: 0.991041
Valdation 58, loss: 1.727399, validation acc: 0.818493, validation avg acc: 0.817784
Train 59, loss: 1.344152, train acc: 0.992188, train avg acc: 0.992524
Valdation 59, loss: 1.731183, validation acc: 0.821918, validation avg acc: 0.814595
Train 60, loss: 1.351985, train acc: 0.988715, train avg acc: 0.989285
Valdation 60, loss: 1.778378, validation acc: 0.780822, validation avg acc: 0.769124
Train 61, loss: 1.347160, train acc: 0.992188, train avg acc: 0.992588
Valdation 61, loss: 1.713584, validation acc: 0.859589, validation avg acc: 0.859107
Train 62, loss: 1.356244, train acc: 0.991319, train avg acc: 0.991793
Valdation 62, loss: 1.712729, validation acc: 0.818493, validation avg acc: 0.814072
Train 63, loss: 1.354438, train acc: 0.991319, train avg acc: 0.991510
Valdation 63, loss: 1.813647, validation acc: 0.784247, validation avg acc: 0.790448
Train 64, loss: 1.353905, train acc: 0.989583, train avg acc: 0.989965
Valdation 64, loss: 1.959863, validation acc: 0.791096, validation avg acc: 0.785329
Train 65, loss: 1.343239, train acc: 0.989583, train avg acc: 0.990245
Valdation 65, loss: 1.741365, validation acc: 0.787671, validation avg acc: 0.777915
Train 66, loss: 1.347582, train acc: 0.990451, train avg acc: 0.990172
Valdation 66, loss: 1.737730, validation acc: 0.839041, validation avg acc: 0.833103
Train 67, loss: 1.340298, train acc: 0.994792, train avg acc: 0.994879
Valdation 67, loss: 1.811441, validation acc: 0.767123, validation avg acc: 0.761834
Train 68, loss: 1.339589, train acc: 0.993056, train avg acc: 0.993453
Valdation 68, loss: 1.733762, validation acc: 0.842466, validation avg acc: 0.836364
Train 69, loss: 1.334749, train acc: 0.995660, train avg acc: 0.996005
Valdation 69, loss: 1.732170, validation acc: 0.821918, validation avg acc: 0.815873
Train 70, loss: 1.332406, train acc: 0.993056, train avg acc: 0.993482
Valdation 70, loss: 1.687646, validation acc: 0.832192, validation avg acc: 0.834339
Train 71, loss: 1.326605, train acc: 0.993924, train avg acc: 0.994279
Valdation 71, loss: 1.741824, validation acc: 0.835616, validation avg acc: 0.838869
Train 72, loss: 1.332722, train acc: 0.993924, train avg acc: 0.994391
Valdation 72, loss: 1.693021, validation acc: 0.859589, validation avg acc: 0.855697
Train 73, loss: 1.326480, train acc: 0.997396, train avg acc: 0.997423
Valdation 73, loss: 1.798338, validation acc: 0.801370, validation avg acc: 0.792996
Train 74, loss: 1.328755, train acc: 0.994792, train avg acc: 0.995223
Valdation 74, loss: 1.896630, validation acc: 0.732877, validation avg acc: 0.724512
Train 75, loss: 1.326337, train acc: 0.993924, train avg acc: 0.994347
Valdation 75, loss: 1.770726, validation acc: 0.828767, validation avg acc: 0.825564
Train 76, loss: 1.330349, train acc: 0.993056, train avg acc: 0.993052
Valdation 76, loss: 1.906893, validation acc: 0.767123, validation avg acc: 0.763345
Train 77, loss: 1.329903, train acc: 0.993924, train avg acc: 0.994290
Valdation 77, loss: 1.701738, validation acc: 0.845890, validation avg acc: 0.847432
Train 78, loss: 1.329723, train acc: 0.993056, train avg acc: 0.993347
Valdation 78, loss: 1.705450, validation acc: 0.863014, validation avg acc: 0.861117
Train 79, loss: 1.323180, train acc: 0.996528, train avg acc: 0.996819
Valdation 79, loss: 1.769073, validation acc: 0.787671, validation avg acc: 0.782045
Train 80, loss: 1.326492, train acc: 0.996528, train avg acc: 0.996616
Valdation 80, loss: 1.734039, validation acc: 0.821918, validation avg acc: 0.815804
Train 81, loss: 1.323264, train acc: 0.994792, train avg acc: 0.995109
Valdation 81, loss: 1.762536, validation acc: 0.777397, validation avg acc: 0.774194
Train 82, loss: 1.322785, train acc: 0.994792, train avg acc: 0.995089
Valdation 82, loss: 1.693663, validation acc: 0.852740, validation avg acc: 0.849258
Train 83, loss: 1.318019, train acc: 0.998264, train avg acc: 0.998494
Valdation 83, loss: 1.808328, validation acc: 0.811644, validation avg acc: 0.815211
Train 84, loss: 1.326577, train acc: 0.992188, train avg acc: 0.992630
Valdation 84, loss: 1.819980, validation acc: 0.801370, validation avg acc: 0.802121
Train 85, loss: 1.324334, train acc: 0.995660, train avg acc: 0.995837
Valdation 85, loss: 1.705509, validation acc: 0.849315, validation avg acc: 0.845608
Train 86, loss: 1.317459, train acc: 0.994792, train avg acc: 0.995040
Valdation 86, loss: 1.705131, validation acc: 0.835616, validation avg acc: 0.831097
Train 87, loss: 1.313724, train acc: 0.996528, train avg acc: 0.996662
Valdation 87, loss: 1.748941, validation acc: 0.811644, validation avg acc: 0.810852
Train 88, loss: 1.312905, train acc: 0.997396, train avg acc: 0.997433
Valdation 88, loss: 1.712721, validation acc: 0.818493, validation avg acc: 0.818197
Train 89, loss: 1.313309, train acc: 0.996528, train avg acc: 0.996657
Valdation 89, loss: 1.684998, validation acc: 0.842466, validation avg acc: 0.838860
Train 90, loss: 1.311601, train acc: 0.994792, train avg acc: 0.995039
Valdation 90, loss: 1.803182, validation acc: 0.791096, validation avg acc: 0.786197
Train 91, loss: 1.313640, train acc: 0.996528, train avg acc: 0.996696
Valdation 91, loss: 1.782179, validation acc: 0.797945, validation avg acc: 0.790660
Train 92, loss: 1.305328, train acc: 0.998264, train avg acc: 0.998486
Valdation 92, loss: 1.748602, validation acc: 0.825342, validation avg acc: 0.823015
Train 93, loss: 1.312756, train acc: 0.995660, train avg acc: 0.995493
Valdation 93, loss: 1.739099, validation acc: 0.825342, validation avg acc: 0.824837
Train 94, loss: 1.314220, train acc: 0.994792, train avg acc: 0.995110
Valdation 94, loss: 1.741913, validation acc: 0.842466, validation avg acc: 0.836943
Train 95, loss: 1.307675, train acc: 0.996528, train avg acc: 0.996669
Valdation 95, loss: 1.705691, validation acc: 0.849315, validation avg acc: 0.847747
Train 96, loss: 1.312793, train acc: 0.997396, train avg acc: 0.997475
Valdation 96, loss: 1.676291, validation acc: 0.845890, validation avg acc: 0.840983
Train 97, loss: 1.312614, train acc: 0.996528, train avg acc: 0.996723
Valdation 97, loss: 1.843167, validation acc: 0.780822, validation avg acc: 0.781762
Train 98, loss: 1.310334, train acc: 0.995660, train avg acc: 0.995965
Valdation 98, loss: 1.773391, validation acc: 0.811644, validation avg acc: 0.817319
Train 99, loss: 1.316572, train acc: 0.993924, train avg acc: 0.994197
Valdation 99, loss: 1.793723, validation acc: 0.777397, validation avg acc: 0.768041
Train 100, loss: 1.312166, train acc: 0.997396, train avg acc: 0.997396
Valdation 100, loss: 1.771815, validation acc: 0.767123, validation avg acc: 0.753049
Train 101, loss: 1.309021, train acc: 0.997396, train avg acc: 0.997518
Valdation 101, loss: 1.799102, validation acc: 0.811644, validation avg acc: 0.813000
Train 102, loss: 1.307096, train acc: 0.993924, train avg acc: 0.994311
Valdation 102, loss: 1.688909, validation acc: 0.835616, validation avg acc: 0.835174
Train 103, loss: 1.301298, train acc: 0.998264, train avg acc: 0.998457
Valdation 103, loss: 1.685552, validation acc: 0.849315, validation avg acc: 0.849333
Train 104, loss: 1.306719, train acc: 0.996528, train avg acc: 0.996614
Valdation 104, loss: 1.742476, validation acc: 0.804795, validation avg acc: 0.793275
Train 105, loss: 1.306903, train acc: 0.996528, train avg acc: 0.996708
Valdation 105, loss: 1.787462, validation acc: 0.804795, validation avg acc: 0.809513
Train 106, loss: 1.306646, train acc: 0.995660, train avg acc: 0.995955
Valdation 106, loss: 1.717435, validation acc: 0.828767, validation avg acc: 0.822920
Train 107, loss: 1.303293, train acc: 0.995660, train avg acc: 0.995965
Valdation 107, loss: 1.693601, validation acc: 0.852740, validation avg acc: 0.850883
Train 108, loss: 1.302576, train acc: 0.998264, train avg acc: 0.998239
Valdation 108, loss: 1.693040, validation acc: 0.842466, validation avg acc: 0.841966
Train 109, loss: 1.302969, train acc: 0.997396, train avg acc: 0.997483
Valdation 109, loss: 1.704694, validation acc: 0.866438, validation avg acc: 0.861268
Train 110, loss: 1.304764, train acc: 0.997396, train avg acc: 0.997251
Valdation 110, loss: 1.726657, validation acc: 0.825342, validation avg acc: 0.828971
Train 111, loss: 1.300070, train acc: 0.998264, train avg acc: 0.998227
Valdation 111, loss: 1.717050, validation acc: 0.849315, validation avg acc: 0.845561
Train 112, loss: 1.306748, train acc: 0.996528, train avg acc: 0.996677
Valdation 112, loss: 1.785133, validation acc: 0.811644, validation avg acc: 0.810052
Train 113, loss: 1.300355, train acc: 0.998264, train avg acc: 0.998266
Valdation 113, loss: 1.784008, validation acc: 0.787671, validation avg acc: 0.780440
Train 114, loss: 1.298754, train acc: 0.996528, train avg acc: 0.996815
Valdation 114, loss: 1.808675, validation acc: 0.801370, validation avg acc: 0.801120
Train 115, loss: 1.297115, train acc: 0.997396, train avg acc: 0.997467
Valdation 115, loss: 1.726695, validation acc: 0.804795, validation avg acc: 0.804820
Train 116, loss: 1.300154, train acc: 0.998264, train avg acc: 0.998393
Valdation 116, loss: 1.753812, validation acc: 0.818493, validation avg acc: 0.816373
Train 117, loss: 1.295806, train acc: 0.998264, train avg acc: 0.998280
Valdation 117, loss: 1.682207, validation acc: 0.849315, validation avg acc: 0.849439
Train 118, loss: 1.297762, train acc: 0.997396, train avg acc: 0.997418
Valdation 118, loss: 1.704401, validation acc: 0.842466, validation avg acc: 0.842928
Train 119, loss: 1.301165, train acc: 0.995660, train avg acc: 0.995889
Valdation 119, loss: 1.676216, validation acc: 0.856164, validation avg acc: 0.851087
Train 120, loss: 1.296512, train acc: 0.997396, train avg acc: 0.997690
Valdation 120, loss: 1.689416, validation acc: 0.842466, validation avg acc: 0.842079
Train 121, loss: 1.296084, train acc: 0.997396, train avg acc: 0.997503
Valdation 121, loss: 1.708181, validation acc: 0.815068, validation avg acc: 0.813090
Train 122, loss: 1.300344, train acc: 0.998264, train avg acc: 0.998220
Valdation 122, loss: 1.779731, validation acc: 0.828767, validation avg acc: 0.822783
Train 123, loss: 1.298158, train acc: 0.999132, train avg acc: 0.999206
Valdation 123, loss: 1.706102, validation acc: 0.842466, validation avg acc: 0.842187
Train 124, loss: 1.296075, train acc: 0.997396, train avg acc: 0.997505
Valdation 124, loss: 1.746156, validation acc: 0.839041, validation avg acc: 0.834701
Train 125, loss: 1.295584, train acc: 0.996528, train avg acc: 0.996689
Valdation 125, loss: 1.674040, validation acc: 0.866438, validation avg acc: 0.860512
Train 126, loss: 1.290949, train acc: 1.000000, train avg acc: 1.000000
Valdation 126, loss: 1.672921, validation acc: 0.856164, validation avg acc: 0.855369
Train 127, loss: 1.293699, train acc: 0.998264, train avg acc: 0.998419
Valdation 127, loss: 1.680350, validation acc: 0.852740, validation avg acc: 0.853590
Train 128, loss: 1.293501, train acc: 0.997396, train avg acc: 0.997562
Valdation 128, loss: 1.683055, validation acc: 0.842466, validation avg acc: 0.835774
Train 129, loss: 1.298725, train acc: 0.999132, train avg acc: 0.999179
Valdation 129, loss: 1.702882, validation acc: 0.828767, validation avg acc: 0.832886
Train 130, loss: 1.296544, train acc: 0.997396, train avg acc: 0.997406
Valdation 130, loss: 1.780114, validation acc: 0.818493, validation avg acc: 0.814288
Train 131, loss: 1.294520, train acc: 0.999132, train avg acc: 0.999278
Valdation 131, loss: 1.690514, validation acc: 0.863014, validation avg acc: 0.863573
Train 132, loss: 1.290912, train acc: 0.997396, train avg acc: 0.997450
Valdation 132, loss: 1.681892, validation acc: 0.832192, validation avg acc: 0.832881
Train 133, loss: 1.294438, train acc: 0.999132, train avg acc: 0.999278
Valdation 133, loss: 1.654396, validation acc: 0.863014, validation avg acc: 0.862211
Train 134, loss: 1.293088, train acc: 0.997396, train avg acc: 0.997598
Valdation 134, loss: 1.693903, validation acc: 0.859589, validation avg acc: 0.855641
Train 135, loss: 1.291257, train acc: 0.998264, train avg acc: 0.998450
Valdation 135, loss: 1.676435, validation acc: 0.845890, validation avg acc: 0.841214
Train 136, loss: 1.294496, train acc: 0.999132, train avg acc: 0.999060
Valdation 136, loss: 1.687434, validation acc: 0.842466, validation avg acc: 0.836501
Train 137, loss: 1.289254, train acc: 0.998264, train avg acc: 0.998292
Valdation 137, loss: 1.693050, validation acc: 0.852740, validation avg acc: 0.852421
Train 138, loss: 1.288227, train acc: 0.999132, train avg acc: 0.999048
Valdation 138, loss: 1.667117, validation acc: 0.849315, validation avg acc: 0.842267
Train 139, loss: 1.290264, train acc: 0.998264, train avg acc: 0.998227
Valdation 139, loss: 1.677298, validation acc: 0.849315, validation avg acc: 0.845414
Train 140, loss: 1.288670, train acc: 0.999132, train avg acc: 0.999060
Valdation 140, loss: 1.667906, validation acc: 0.859589, validation avg acc: 0.860019
Train 141, loss: 1.290442, train acc: 0.998264, train avg acc: 0.998263
Valdation 141, loss: 1.697385, validation acc: 0.845890, validation avg acc: 0.846493
Train 142, loss: 1.297502, train acc: 0.994792, train avg acc: 0.995021
Valdation 142, loss: 1.694507, validation acc: 0.845890, validation avg acc: 0.839721
Train 143, loss: 1.291004, train acc: 0.999132, train avg acc: 0.999060
Valdation 143, loss: 1.666828, validation acc: 0.852740, validation avg acc: 0.850652
Train 144, loss: 1.287154, train acc: 1.000000, train avg acc: 1.000000
Valdation 144, loss: 1.688638, validation acc: 0.842466, validation avg acc: 0.836942
Train 145, loss: 1.288521, train acc: 1.000000, train avg acc: 1.000000
Valdation 145, loss: 1.687662, validation acc: 0.849315, validation avg acc: 0.851509
Train 146, loss: 1.291137, train acc: 1.000000, train avg acc: 1.000000
Valdation 146, loss: 1.675127, validation acc: 0.835616, validation avg acc: 0.831894
Train 147, loss: 1.288680, train acc: 0.998264, train avg acc: 0.998230
Valdation 147, loss: 1.684319, validation acc: 0.849315, validation avg acc: 0.845615
Train 148, loss: 1.290655, train acc: 0.998264, train avg acc: 0.998284
Valdation 148, loss: 1.664754, validation acc: 0.856164, validation avg acc: 0.854248
Train 149, loss: 1.290921, train acc: 0.999132, train avg acc: 0.999035
Valdation 149, loss: 1.662378, validation acc: 0.863014, validation avg acc: 0.859771
Train 150, loss: 1.287694, train acc: 0.998264, train avg acc: 0.998510
Valdation 150, loss: 1.669272, validation acc: 0.845890, validation avg acc: 0.845213
Train 151, loss: 1.286875, train acc: 0.999132, train avg acc: 0.999060
Valdation 151, loss: 1.664581, validation acc: 0.869863, validation avg acc: 0.868851
Train 152, loss: 1.286091, train acc: 0.998264, train avg acc: 0.998239
Valdation 152, loss: 1.660231, validation acc: 0.873288, validation avg acc: 0.871279
Train 153, loss: 1.285937, train acc: 0.998264, train avg acc: 0.998217
Valdation 153, loss: 1.667690, validation acc: 0.842466, validation avg acc: 0.841887
Train 154, loss: 1.285901, train acc: 1.000000, train avg acc: 1.000000
Valdation 154, loss: 1.651456, validation acc: 0.866438, validation avg acc: 0.863958
Train 155, loss: 1.284997, train acc: 0.999132, train avg acc: 0.999048
Valdation 155, loss: 1.675615, validation acc: 0.873288, validation avg acc: 0.870390
Train 156, loss: 1.289008, train acc: 0.998264, train avg acc: 0.998239
Valdation 156, loss: 1.661588, validation acc: 0.839041, validation avg acc: 0.837000
Train 157, loss: 1.287267, train acc: 0.999132, train avg acc: 0.999206
Valdation 157, loss: 1.663120, validation acc: 0.859589, validation avg acc: 0.859407
Train 158, loss: 1.285615, train acc: 0.998264, train avg acc: 0.998227
Valdation 158, loss: 1.680675, validation acc: 0.849315, validation avg acc: 0.850094
Train 159, loss: 1.285316, train acc: 0.998264, train avg acc: 0.998214
Valdation 159, loss: 1.663131, validation acc: 0.852740, validation avg acc: 0.848390
Train 160, loss: 1.289065, train acc: 0.999132, train avg acc: 0.999060
Valdation 160, loss: 1.684189, validation acc: 0.859589, validation avg acc: 0.856333
Train 161, loss: 1.284782, train acc: 1.000000, train avg acc: 1.000000
Valdation 161, loss: 1.678190, validation acc: 0.856164, validation avg acc: 0.852308
Train 162, loss: 1.287244, train acc: 0.999132, train avg acc: 0.999060
Valdation 162, loss: 1.660518, validation acc: 0.845890, validation avg acc: 0.841720
Train 163, loss: 1.286038, train acc: 0.999132, train avg acc: 0.999060
Valdation 163, loss: 1.674422, validation acc: 0.869863, validation avg acc: 0.868688
Train 164, loss: 1.284175, train acc: 0.999132, train avg acc: 0.999048
Valdation 164, loss: 1.656874, validation acc: 0.859589, validation avg acc: 0.855774
Train 165, loss: 1.284977, train acc: 0.998264, train avg acc: 0.998239
Valdation 165, loss: 1.671809, validation acc: 0.863014, validation avg acc: 0.863053
Train 166, loss: 1.285394, train acc: 0.999132, train avg acc: 0.999060
Valdation 166, loss: 1.666918, validation acc: 0.866438, validation avg acc: 0.862238
Train 167, loss: 1.283041, train acc: 0.998264, train avg acc: 0.998239
Valdation 167, loss: 1.661894, validation acc: 0.869863, validation avg acc: 0.865673
Train 168, loss: 1.284280, train acc: 1.000000, train avg acc: 1.000000
Valdation 168, loss: 1.659033, validation acc: 0.866438, validation avg acc: 0.863282
Train 169, loss: 1.281147, train acc: 1.000000, train avg acc: 1.000000
Valdation 169, loss: 1.678582, validation acc: 0.852740, validation avg acc: 0.854102
Train 170, loss: 1.281596, train acc: 0.998264, train avg acc: 0.998230
Valdation 170, loss: 1.683218, validation acc: 0.849315, validation avg acc: 0.844066
Train 171, loss: 1.280817, train acc: 0.999132, train avg acc: 0.999060
Valdation 171, loss: 1.675750, validation acc: 0.873288, validation avg acc: 0.869329
Train 172, loss: 1.279825, train acc: 0.999132, train avg acc: 0.999179
Valdation 172, loss: 1.670313, validation acc: 0.859589, validation avg acc: 0.855906
Train 173, loss: 1.282929, train acc: 0.999132, train avg acc: 0.999179
Valdation 173, loss: 1.708706, validation acc: 0.832192, validation avg acc: 0.829518
Train 174, loss: 1.283051, train acc: 0.999132, train avg acc: 0.999060
Valdation 174, loss: 1.681680, validation acc: 0.863014, validation avg acc: 0.860739
Train 175, loss: 1.284226, train acc: 0.997396, train avg acc: 0.997418
Valdation 175, loss: 1.653499, validation acc: 0.869863, validation avg acc: 0.866094
Train 176, loss: 1.281414, train acc: 1.000000, train avg acc: 1.000000
Valdation 176, loss: 1.673130, validation acc: 0.842466, validation avg acc: 0.837806
Train 177, loss: 1.282415, train acc: 1.000000, train avg acc: 1.000000
Valdation 177, loss: 1.648741, validation acc: 0.863014, validation avg acc: 0.862302
Train 178, loss: 1.287353, train acc: 1.000000, train avg acc: 1.000000
Valdation 178, loss: 1.657465, validation acc: 0.845890, validation avg acc: 0.840126
Train 179, loss: 1.283692, train acc: 0.999132, train avg acc: 0.999035
Valdation 179, loss: 1.654490, validation acc: 0.863014, validation avg acc: 0.860306
Train 180, loss: 1.280314, train acc: 0.998264, train avg acc: 0.998230
Valdation 180, loss: 1.664980, validation acc: 0.863014, validation avg acc: 0.860746
Train 181, loss: 1.285873, train acc: 0.998264, train avg acc: 0.998239
Valdation 181, loss: 1.676028, validation acc: 0.845890, validation avg acc: 0.841591
Train 182, loss: 1.280866, train acc: 0.998264, train avg acc: 0.998311
Valdation 182, loss: 1.686534, validation acc: 0.849315, validation avg acc: 0.848966
Train 183, loss: 1.283545, train acc: 0.998264, train avg acc: 0.998230
Valdation 183, loss: 1.690429, validation acc: 0.852740, validation avg acc: 0.851386
Train 184, loss: 1.284078, train acc: 0.999132, train avg acc: 0.999179
Valdation 184, loss: 1.660198, validation acc: 0.852740, validation avg acc: 0.850825
Train 185, loss: 1.281405, train acc: 0.999132, train avg acc: 0.999060
Valdation 185, loss: 1.661971, validation acc: 0.849315, validation avg acc: 0.849739
Train 186, loss: 1.283858, train acc: 0.998264, train avg acc: 0.998239
Valdation 186, loss: 1.664187, validation acc: 0.859589, validation avg acc: 0.856936
Train 187, loss: 1.279555, train acc: 0.999132, train avg acc: 0.999060
Valdation 187, loss: 1.671813, validation acc: 0.863014, validation avg acc: 0.860249
Train 188, loss: 1.282937, train acc: 0.999132, train avg acc: 0.999048
Valdation 188, loss: 1.666450, validation acc: 0.859589, validation avg acc: 0.857995
Train 189, loss: 1.278109, train acc: 1.000000, train avg acc: 1.000000
Valdation 189, loss: 1.661115, validation acc: 0.852740, validation avg acc: 0.853324
Train 190, loss: 1.279846, train acc: 0.999132, train avg acc: 0.999060
Valdation 190, loss: 1.665588, validation acc: 0.859589, validation avg acc: 0.858543
Train 191, loss: 1.280406, train acc: 0.998264, train avg acc: 0.998239
Valdation 191, loss: 1.659482, validation acc: 0.866438, validation avg acc: 0.865694
Train 192, loss: 1.280225, train acc: 1.000000, train avg acc: 1.000000
Valdation 192, loss: 1.673645, validation acc: 0.852740, validation avg acc: 0.852703
Train 193, loss: 1.280061, train acc: 0.999132, train avg acc: 0.999060
Valdation 193, loss: 1.669826, validation acc: 0.856164, validation avg acc: 0.855950
Train 194, loss: 1.277657, train acc: 0.999132, train avg acc: 0.999060
Valdation 194, loss: 1.656770, validation acc: 0.859589, validation avg acc: 0.857871
Train 195, loss: 1.280176, train acc: 0.998264, train avg acc: 0.998230
Valdation 195, loss: 1.655759, validation acc: 0.842466, validation avg acc: 0.838916
Train 196, loss: 1.279818, train acc: 0.999132, train avg acc: 0.999048
Valdation 196, loss: 1.659525, validation acc: 0.849315, validation avg acc: 0.848380
Train 197, loss: 1.279535, train acc: 1.000000, train avg acc: 1.000000
Valdation 197, loss: 1.656191, validation acc: 0.873288, validation avg acc: 0.870840
Train 198, loss: 1.279378, train acc: 1.000000, train avg acc: 1.000000
Valdation 198, loss: 1.654986, validation acc: 0.873288, validation avg acc: 0.871776
Train 199, loss: 1.280006, train acc: 1.000000, train avg acc: 1.000000
Valdation 199, loss: 1.653419, validation acc: 0.880137, validation avg acc: 0.877474
Train 200, loss: 1.280828, train acc: 1.000000, train avg acc: 1.000000
Valdation 200, loss: 1.656502, validation acc: 0.856164, validation avg acc: 0.854658
Train 201, loss: 1.279346, train acc: 1.000000, train avg acc: 1.000000
Valdation 201, loss: 1.662104, validation acc: 0.863014, validation avg acc: 0.861152
Train 202, loss: 1.280201, train acc: 0.998264, train avg acc: 0.998230
Valdation 202, loss: 1.665113, validation acc: 0.863014, validation avg acc: 0.860324
Train 203, loss: 1.279044, train acc: 1.000000, train avg acc: 1.000000
Valdation 203, loss: 1.661954, validation acc: 0.852740, validation avg acc: 0.851508
Train 204, loss: 1.279861, train acc: 0.999132, train avg acc: 0.999240
Valdation 204, loss: 1.664712, validation acc: 0.869863, validation avg acc: 0.868800
Train 205, loss: 1.278195, train acc: 1.000000, train avg acc: 1.000000
Valdation 205, loss: 1.654570, validation acc: 0.859589, validation avg acc: 0.856951
Train 206, loss: 1.278100, train acc: 0.999132, train avg acc: 0.999060
Valdation 206, loss: 1.661043, validation acc: 0.866438, validation avg acc: 0.865052
Train 207, loss: 1.279110, train acc: 0.999132, train avg acc: 0.999060
Valdation 207, loss: 1.665064, validation acc: 0.859589, validation avg acc: 0.859992
Train 208, loss: 1.281932, train acc: 0.999132, train avg acc: 0.999179
Valdation 208, loss: 1.670200, validation acc: 0.849315, validation avg acc: 0.848138
Train 209, loss: 1.280549, train acc: 1.000000, train avg acc: 1.000000
Valdation 209, loss: 1.670795, validation acc: 0.859589, validation avg acc: 0.858436
Train 210, loss: 1.280531, train acc: 0.999132, train avg acc: 0.999169
Valdation 210, loss: 1.673235, validation acc: 0.859589, validation avg acc: 0.858829
Train 211, loss: 1.280677, train acc: 1.000000, train avg acc: 1.000000
Valdation 211, loss: 1.659368, validation acc: 0.859589, validation avg acc: 0.858829
Train 212, loss: 1.280937, train acc: 0.999132, train avg acc: 0.999048
Valdation 212, loss: 1.656713, validation acc: 0.869863, validation avg acc: 0.868017
Train 213, loss: 1.282804, train acc: 1.000000, train avg acc: 1.000000
Valdation 213, loss: 1.650906, validation acc: 0.869863, validation avg acc: 0.868146
Train 214, loss: 1.277652, train acc: 1.000000, train avg acc: 1.000000
Valdation 214, loss: 1.652318, validation acc: 0.869863, validation avg acc: 0.867492
Train 215, loss: 1.278576, train acc: 1.000000, train avg acc: 1.000000
Valdation 215, loss: 1.655194, validation acc: 0.876712, validation avg acc: 0.875401
Train 216, loss: 1.279166, train acc: 0.999132, train avg acc: 0.999169
Valdation 216, loss: 1.649114, validation acc: 0.873288, validation avg acc: 0.871912
Train 217, loss: 1.278540, train acc: 1.000000, train avg acc: 1.000000
Valdation 217, loss: 1.654718, validation acc: 0.869863, validation avg acc: 0.869070
Train 218, loss: 1.279514, train acc: 0.999132, train avg acc: 0.999048
Valdation 218, loss: 1.647702, validation acc: 0.869863, validation avg acc: 0.868146
Train 219, loss: 1.281475, train acc: 0.999132, train avg acc: 0.999060
Valdation 219, loss: 1.655114, validation acc: 0.866438, validation avg acc: 0.865159
Train 220, loss: 1.278350, train acc: 0.999132, train avg acc: 0.999048
Valdation 220, loss: 1.657539, validation acc: 0.863014, validation avg acc: 0.859522
Train 221, loss: 1.282785, train acc: 0.998264, train avg acc: 0.998227
Valdation 221, loss: 1.653715, validation acc: 0.863014, validation avg acc: 0.861422
Train 222, loss: 1.280955, train acc: 1.000000, train avg acc: 1.000000
Valdation 222, loss: 1.652239, validation acc: 0.866438, validation avg acc: 0.865182
Train 223, loss: 1.281827, train acc: 1.000000, train avg acc: 1.000000
Valdation 223, loss: 1.661782, validation acc: 0.863014, validation avg acc: 0.862042
Train 224, loss: 1.276524, train acc: 1.000000, train avg acc: 1.000000
Valdation 224, loss: 1.666014, validation acc: 0.863014, validation avg acc: 0.861281
Train 225, loss: 1.283234, train acc: 0.999132, train avg acc: 0.999179
Valdation 225, loss: 1.660461, validation acc: 0.859589, validation avg acc: 0.857470
Train 226, loss: 1.279580, train acc: 0.999132, train avg acc: 0.999048
Valdation 226, loss: 1.654404, validation acc: 0.863014, validation avg acc: 0.860063
Train 227, loss: 1.278906, train acc: 1.000000, train avg acc: 1.000000
Valdation 227, loss: 1.653183, validation acc: 0.863014, validation avg acc: 0.861827
Train 228, loss: 1.278522, train acc: 0.999132, train avg acc: 0.999179
Valdation 228, loss: 1.657071, validation acc: 0.863014, validation avg acc: 0.860717
Train 229, loss: 1.278777, train acc: 1.000000, train avg acc: 1.000000
Valdation 229, loss: 1.663408, validation acc: 0.856164, validation avg acc: 0.853006
Train 230, loss: 1.277794, train acc: 1.000000, train avg acc: 1.000000
Valdation 230, loss: 1.662272, validation acc: 0.863014, validation avg acc: 0.861664
Train 231, loss: 1.280070, train acc: 1.000000, train avg acc: 1.000000
Valdation 231, loss: 1.655470, validation acc: 0.869863, validation avg acc: 0.867768
Train 232, loss: 1.279393, train acc: 0.999132, train avg acc: 0.999048
Valdation 232, loss: 1.658213, validation acc: 0.869863, validation avg acc: 0.868158
Train 233, loss: 1.277638, train acc: 1.000000, train avg acc: 1.000000
Valdation 233, loss: 1.663192, validation acc: 0.869863, validation avg acc: 0.868158
Train 234, loss: 1.276475, train acc: 1.000000, train avg acc: 1.000000
Valdation 234, loss: 1.660739, validation acc: 0.866438, validation avg acc: 0.865954
Train 235, loss: 1.278403, train acc: 1.000000, train avg acc: 1.000000
Valdation 235, loss: 1.667737, validation acc: 0.866438, validation avg acc: 0.865182
Train 236, loss: 1.281741, train acc: 0.999132, train avg acc: 0.999060
Valdation 236, loss: 1.661476, validation acc: 0.866438, validation avg acc: 0.865182
Train 237, loss: 1.275837, train acc: 1.000000, train avg acc: 1.000000
Valdation 237, loss: 1.661162, validation acc: 0.866438, validation avg acc: 0.864792
Train 238, loss: 1.280845, train acc: 1.000000, train avg acc: 1.000000
Valdation 238, loss: 1.663221, validation acc: 0.866438, validation avg acc: 0.864792
Train 239, loss: 1.279418, train acc: 1.000000, train avg acc: 1.000000
Valdation 239, loss: 1.664161, validation acc: 0.866438, validation avg acc: 0.864651
Train 240, loss: 1.278022, train acc: 0.998264, train avg acc: 0.998227
Valdation 240, loss: 1.662187, validation acc: 0.866438, validation avg acc: 0.863292
Train 241, loss: 1.278737, train acc: 1.000000, train avg acc: 1.000000
Valdation 241, loss: 1.650838, validation acc: 0.863014, validation avg acc: 0.862447
Train 242, loss: 1.277876, train acc: 1.000000, train avg acc: 1.000000
Valdation 242, loss: 1.663955, validation acc: 0.849315, validation avg acc: 0.845436
Train 243, loss: 1.279162, train acc: 0.998264, train avg acc: 0.998300
Valdation 243, loss: 1.659158, validation acc: 0.852740, validation avg acc: 0.848130
Train 244, loss: 1.275409, train acc: 0.999132, train avg acc: 0.999278
Valdation 244, loss: 1.664478, validation acc: 0.852740, validation avg acc: 0.850464
Train 245, loss: 1.278227, train acc: 1.000000, train avg acc: 1.000000
Valdation 245, loss: 1.660563, validation acc: 0.856164, validation avg acc: 0.853570
Train 246, loss: 1.277888, train acc: 1.000000, train avg acc: 1.000000
Valdation 246, loss: 1.657379, validation acc: 0.866438, validation avg acc: 0.863433
Train 247, loss: 1.281130, train acc: 1.000000, train avg acc: 1.000000
Valdation 247, loss: 1.666141, validation acc: 0.863014, validation avg acc: 0.862042
Train 248, loss: 1.276348, train acc: 1.000000, train avg acc: 1.000000
Valdation 248, loss: 1.666496, validation acc: 0.859589, validation avg acc: 0.855982
Train 249, loss: 1.279101, train acc: 1.000000, train avg acc: 1.000000
Valdation 249, loss: 1.660087, validation acc: 0.866438, validation avg acc: 0.863304
